Log file open, 08/15/20 22:19:38
LogWindows: Failed to load 'aqProf.dll' (GetLastError=126)
LogWindows: File 'aqProf.dll' does not exist
LogWindows: Failed to load 'VtuneApi.dll' (GetLastError=126)
LogWindows: File 'VtuneApi.dll' does not exist
LogWindows: Failed to load 'VtuneApi32e.dll' (GetLastError=126)
LogWindows: File 'VtuneApi32e.dll' does not exist
LogConsoleResponse: Display: Failed to find resolution value strings in scalability ini. Falling back to default.
LogInit: Display: Running engine for game: Sumteract_UE4
LogPlatformFile: Not using cached read wrapper
LogTaskGraph: Started task graph with 5 named threads and 14 total threads with 3 sets of task threads.
LogStats: Stats thread started at 0.188624
LogD3D11RHI: Loaded GFSDK_Aftermath_Lib.x64.dll
LogICUInternationalization: ICU TimeZone Detection - Raw Offset: +1:00, Platform Override: ''
LogPluginManager: Mounting plugin Paper2D
LogPluginManager: Mounting plugin AISupport
LogPluginManager: Mounting plugin LightPropagationVolume
LogPluginManager: Mounting plugin ActorLayerUtilities
LogPluginManager: Mounting plugin AnimationSharing
LogPluginManager: Mounting plugin CLionSourceCodeAccess
LogPluginManager: Mounting plugin CodeLiteSourceCodeAccess
LogPluginManager: Mounting plugin GitSourceControl
LogPluginManager: Mounting plugin KDevelopSourceCodeAccess
LogPluginManager: Mounting plugin NullSourceCodeAccess
LogPluginManager: Mounting plugin PerforceSourceControl
LogPluginManager: Mounting plugin SubversionSourceControl
LogPluginManager: Mounting plugin UObjectPlugin
LogPluginManager: Mounting plugin VisualStudioCodeSourceCodeAccess
LogPluginManager: Mounting plugin VisualStudioSourceCodeAccess
LogPluginManager: Mounting plugin XCodeSourceCodeAccess
LogPluginManager: Mounting plugin AssetManagerEditor
LogPluginManager: Mounting plugin CryptoKeys
LogPluginManager: Mounting plugin CurveEditorTools
LogPluginManager: Mounting plugin DataValidation
LogPluginManager: Mounting plugin FacialAnimation
LogPluginManager: Mounting plugin GameplayTagsEditor
LogPluginManager: Mounting plugin MacGraphicsSwitching
LogPluginManager: Mounting plugin MaterialAnalyzer
LogPluginManager: Mounting plugin MobileLauncherProfileWizard
LogPluginManager: Mounting plugin PluginBrowser
LogPluginManager: Mounting plugin SpeedTreeImporter
LogPluginManager: Mounting plugin DatasmithContent
LogPluginManager: Mounting plugin VariantManagerContent
LogPluginManager: Mounting plugin AlembicImporter
LogPluginManager: Mounting plugin AutomationUtils
LogPluginManager: Mounting plugin BackChannel
LogPluginManager: Mounting plugin CharacterAI
LogPluginManager: Mounting plugin GeometryCache
LogPluginManager: Mounting plugin HTML5Networking
LogPluginManager: Mounting plugin PlatformCrypto
LogPluginManager: Mounting plugin ProxyLODPlugin
LogPluginManager: Mounting plugin SkeletalReduction
LogPluginManager: Mounting plugin MagicLeap
LogPluginManager: Mounting plugin MagicLeapMedia
LogPluginManager: Mounting plugin AndroidMedia
LogPluginManager: Mounting plugin AvfMedia
LogPluginManager: Mounting plugin ImgMedia
LogPluginManager: Mounting plugin MediaCompositing
LogPluginManager: Mounting plugin MediaPlayerEditor
LogPluginManager: Mounting plugin WebMMedia
LogPluginManager: Mounting plugin WmfMedia
LogPluginManager: Mounting plugin TcpMessaging
LogPluginManager: Mounting plugin UdpMessaging
LogPluginManager: Mounting plugin ActorSequence
LogPluginManager: Mounting plugin LevelSequenceEditor
LogPluginManager: Mounting plugin MatineeToLevelSequence
LogPluginManager: Mounting plugin NetcodeUnitTest
LogPluginManager: Mounting plugin NUTUnrealEngine4
LogPluginManager: Mounting plugin OnlineSubsystemGooglePlay
LogPluginManager: Mounting plugin OnlineSubsystemIOS
LogPluginManager: Mounting plugin OnlineSubsystem
LogPluginManager: Mounting plugin OnlineSubsystemNull
LogPluginManager: Mounting plugin OnlineSubsystemUtils
LogPluginManager: Mounting plugin LauncherChunkInstaller
LogPluginManager: Mounting plugin AndroidDeviceProfileSelector
LogPluginManager: Mounting plugin AndroidMoviePlayer
LogPluginManager: Mounting plugin AndroidPermission
LogPluginManager: Mounting plugin AppleImageUtils
LogPluginManager: Mounting plugin AppleMoviePlayer
LogPluginManager: Mounting plugin ArchVisCharacter
LogPluginManager: Mounting plugin AudioCapture
LogPluginManager: Mounting plugin CableComponent
LogPluginManager: Mounting plugin CustomMeshComponent
LogPluginManager: Mounting plugin EditableMesh
LogPluginManager: Mounting plugin ExampleDeviceProfileSelector
LogPluginManager: Mounting plugin GoogleCloudMessaging
LogPluginManager: Mounting plugin IOSDeviceProfileSelector
LogPluginManager: Mounting plugin LinuxDeviceProfileSelector
LogPluginManager: Mounting plugin LocationServicesBPLibrary
LogPluginManager: Mounting plugin MobilePatchingUtils
LogPluginManager: Mounting plugin OculusVR
LogPluginManager: Mounting plugin PhysXVehicles
LogPluginManager: Mounting plugin ProceduralMeshComponent
LogPluginManager: Mounting plugin RuntimePhysXCooking
LogPluginManager: Mounting plugin SignificanceManager
LogPluginManager: Mounting plugin SteamVR
LogPluginManager: Mounting plugin WebMMoviePlayer
LogPluginManager: Mounting plugin WindowsMoviePlayer
LogPluginManager: Mounting plugin ScreenshotTools
LogInit: Using libcurl 7.55.1-DEV
LogInit:  - built for x86_64-pc-win32
LogInit:  - supports SSL with OpenSSL/1.1.1
LogInit:  - supports HTTP deflate (compression) using libz 1.2.8
LogInit:  - other features:
LogInit:      CURL_VERSION_SSL
LogInit:      CURL_VERSION_LIBZ
LogInit:      CURL_VERSION_IPV6
LogInit:      CURL_VERSION_ASYNCHDNS
LogInit:      CURL_VERSION_LARGEFILE
LogInit:      CURL_VERSION_IDN
LogInit:  CurlRequestOptions (configurable via config and command line):
LogInit:  - bVerifyPeer = true  - Libcurl will verify peer certificate
LogInit:  - bUseHttpProxy = false  - Libcurl will NOT use HTTP proxy
LogInit:  - bDontReuseConnections = false  - Libcurl will reuse connections
LogInit:  - MaxHostConnections = 16  - Libcurl will limit the number of connections to a host
LogInit:  - LocalHostAddr = Default
LogInit:  - BufferSize = 65536
LogOnline: OSS: Creating online subsystem instance for: NULL
LogInit: WinSock: version 1.1 (2.2), MaxSocks=32767, MaxUdp=65467
LogInit: Build: ++UE4+Release-4.23-CL-8386587
LogInit: Engine Version: 4.23.0-8386587+++UE4+Release-4.23
LogInit: Compatible Engine Version: 4.23.0-8386587+++UE4+Release-4.23
LogInit: Net CL: 8386587
LogInit: OS: Windows 10 (Release 1909) (), CPU: Intel(R) Core(TM) i5-7300HQ CPU @ 2.50GHz, GPU: Intel(R) HD Graphics 630
LogInit: Compiled (64-bit): Aug 31 2019 02:04:44
LogInit: Compiled with Visual C++: 19.16.27030.01
LogInit: Build Configuration: Development
LogInit: Branch Name: ++UE4+Release-4.23
LogInit: Command Line:  -skipcompile
LogInit: Base Directory: D:/UE_4.23/Engine/Binaries/Win64/
LogInit: Installed Engine Build: 1
LogDevObjectVersion: Number of dev versions registered: 23
LogDevObjectVersion:   Dev-Blueprints (B0D832E4-1F89-4F0D-ACCF-7EB736FD4AA2): 10
LogDevObjectVersion:   Dev-Build (E1C64328-A22C-4D53-A36C-8E866417BD8C): 0
LogDevObjectVersion:   Dev-Core (375EC13C-06E4-48FB-B500-84F0262A717E): 3
LogDevObjectVersion:   Dev-Editor (E4B068ED-F494-42E9-A231-DA0B2E46BB41): 34
LogDevObjectVersion:   Dev-Framework (CFFC743F-43B0-4480-9391-14DF171D2073): 35
LogDevObjectVersion:   Dev-Mobile (B02B49B5-BB20-44E9-A304-32B752E40360): 2
LogDevObjectVersion:   Dev-Networking (A4E4105C-59A1-49B5-A7C5-40C4547EDFEE): 0
LogDevObjectVersion:   Dev-Online (39C831C9-5AE6-47DC-9A44-9C173E1C8E7C): 0
LogDevObjectVersion:   Dev-Physics (78F01B33-EBEA-4F98-B9B4-84EACCB95AA2): 0
LogDevObjectVersion:   Dev-Platform (6631380F-2D4D-43E0-8009-CF276956A95A): 0
LogDevObjectVersion:   Dev-Rendering (12F88B9F-8875-4AFC-A67C-D90C383ABD29): 31
LogDevObjectVersion:   Dev-Sequencer (7B5AE74C-D270-4C10-A958-57980B212A5A): 11
LogDevObjectVersion:   Dev-VR (D7296918-1DD6-4BDD-9DE2-64A83CC13884): 2
LogDevObjectVersion:   Dev-LoadTimes (C2A15278-BFE7-4AFE-6C17-90FF531DF755): 1
LogDevObjectVersion:   Private-Geometry (6EACA3D4-40EC-4CC1-B786-8BED09428FC5): 3
LogDevObjectVersion:   Dev-AnimPhys (29E575DD-E0A3-4627-9D10-D276232CDCEA): 17
LogDevObjectVersion:   Dev-Anim (AF43A65D-7FD3-4947-9873-3E8ED9C1BB05): 2
LogDevObjectVersion:   Dev-ReflectionCapture (6B266CEC-1EC7-4B8F-A30B-E4D90942FC07): 1
LogDevObjectVersion:   Dev-Automation (0DF73D61-A23F-47EA-B727-89E90C41499A): 1
LogDevObjectVersion:   FortniteMain (601D1886-AC64-4F84-AA16-D3DE0DEAC7D6): 27
LogDevObjectVersion:   Dev-Enterprise (9DFFBCD6-494F-0158-E221-12823C92A888): 6
LogDevObjectVersion:   Dev-Niagara (F2AED0AC-9AFE-416F-8664-AA7FFA26D6FC): 1
LogDevObjectVersion:   Dev-Destruction (174F1F0B-B4C6-45A5-B13F-2EE8D0FB917D): 9
LogInit: Presizing for max 16777216 objects, including 0 objects not considered by GC, pre-allocating 0 bytes for permanent pool.
LogInit: Object subsystem initialized
LogConfig: Setting CVar [[con.DebugEarlyDefault:1]]
LogConfig: Setting CVar [[r.setres:1280x720]]
[2020.08.15-20.19.38:671][  0]LogConfig: Setting CVar [[r.VSync:0]]
[2020.08.15-20.19.38:671][  0]LogConfig: Setting CVar [[r.RHICmdBypass:0]]
[2020.08.15-20.19.38:671][  0]LogConfig: Applying CVar settings from Section [/Script/Engine.RendererSettings] File [D:/simterac-ue4 task/simteract---ue4-task/Sumteract_UE4/Saved/Config/Windows/Engine.ini]
[2020.08.15-20.19.38:671][  0]LogConfig: Setting CVar [[r.GPUCrashDebugging:0]]
[2020.08.15-20.19.38:671][  0]LogConfig: Setting CVar [[r.DefaultFeature.AutoExposure.ExtendDefaultLuminanceRange:1]]
[2020.08.15-20.19.38:671][  0]LogConfig: Applying CVar settings from Section [/Script/Engine.RendererOverrideSettings] File [D:/simterac-ue4 task/simteract---ue4-task/Sumteract_UE4/Saved/Config/Windows/Engine.ini]
[2020.08.15-20.19.38:671][  0]LogConfig: Applying CVar settings from Section [/Script/Engine.StreamingSettings] File [D:/simterac-ue4 task/simteract---ue4-task/Sumteract_UE4/Saved/Config/Windows/Engine.ini]
[2020.08.15-20.19.38:672][  0]LogConfig: Setting CVar [[s.MinBulkDataSizeForAsyncLoading:131072]]
[2020.08.15-20.19.38:672][  0]LogConfig: Setting CVar [[s.AsyncLoadingThreadEnabled:0]]
[2020.08.15-20.19.38:672][  0]LogConfig: Setting CVar [[s.EventDrivenLoaderEnabled:1]]
[2020.08.15-20.19.38:672][  0]LogConfig: Setting CVar [[s.WarnIfTimeLimitExceeded:0]]
[2020.08.15-20.19.38:672][  0]LogConfig: Setting CVar [[s.TimeLimitExceededMultiplier:1.5]]
[2020.08.15-20.19.38:672][  0]LogConfig: Setting CVar [[s.TimeLimitExceededMinTime:0.005]]
[2020.08.15-20.19.38:672][  0]LogConfig: Setting CVar [[s.UseBackgroundLevelStreaming:1]]
[2020.08.15-20.19.38:672][  0]LogConfig: Setting CVar [[s.PriorityAsyncLoadingExtraTime:15.0]]
[2020.08.15-20.19.38:672][  0]LogConfig: Setting CVar [[s.LevelStreamingActorsUpdateTimeLimit:5.0]]
[2020.08.15-20.19.38:672][  0]LogConfig: Setting CVar [[s.PriorityLevelStreamingActorsUpdateExtraTime:5.0]]
[2020.08.15-20.19.38:672][  0]LogConfig: Setting CVar [[s.LevelStreamingComponentsRegistrationGranularity:10]]
[2020.08.15-20.19.38:672][  0]LogConfig: Setting CVar [[s.UnregisterComponentsTimeLimit:1.0]]
[2020.08.15-20.19.38:673][  0]LogConfig: Setting CVar [[s.LevelStreamingComponentsUnregistrationGranularity:5]]
[2020.08.15-20.19.38:673][  0]LogConfig: Applying CVar settings from Section [/Script/Engine.GarbageCollectionSettings] File [D:/simterac-ue4 task/simteract---ue4-task/Sumteract_UE4/Saved/Config/Windows/Engine.ini]
[2020.08.15-20.19.38:673][  0]LogConfig: Setting CVar [[gc.MaxObjectsNotConsideredByGC:1]]
[2020.08.15-20.19.38:673][  0]LogConfig: Setting CVar [[gc.SizeOfPermanentObjectPool:0]]
[2020.08.15-20.19.38:673][  0]LogConfig: Setting CVar [[gc.FlushStreamingOnGC:0]]
[2020.08.15-20.19.38:673][  0]LogConfig: Setting CVar [[gc.NumRetriesBeforeForcingGC:10]]
[2020.08.15-20.19.38:673][  0]LogConfig: Setting CVar [[gc.AllowParallelGC:1]]
[2020.08.15-20.19.38:673][  0]LogConfig: Setting CVar [[gc.TimeBetweenPurgingPendingKillObjects:61.1]]
[2020.08.15-20.19.38:673][  0]LogConfig: Setting CVar [[gc.MaxObjectsInEditor:16777216]]
[2020.08.15-20.19.38:673][  0]LogConfig: Setting CVar [[gc.IncrementalBeginDestroyEnabled:1]]
[2020.08.15-20.19.38:673][  0]LogConfig: Setting CVar [[gc.CreateGCClusters:1]]
[2020.08.15-20.19.38:673][  0]LogConfig: Setting CVar [[gc.MinGCClusterSize:5]]
[2020.08.15-20.19.38:673][  0]LogConfig: Setting CVar [[gc.ActorClusteringEnabled:0]]
[2020.08.15-20.19.38:673][  0]LogConfig: Setting CVar [[gc.BlueprintClusteringEnabled:0]]
[2020.08.15-20.19.38:673][  0]LogConfig: Setting CVar [[gc.UseDisregardForGCOnDedicatedServers:0]]
[2020.08.15-20.19.38:673][  0]LogConfig: Applying CVar settings from Section [/Script/Engine.NetworkSettings] File [D:/simterac-ue4 task/simteract---ue4-task/Sumteract_UE4/Saved/Config/Windows/Engine.ini]
[2020.08.15-20.19.38:674][  0]LogConfig: Applying CVar settings from Section [/Script/UnrealEd.CookerSettings] File [D:/simterac-ue4 task/simteract---ue4-task/Sumteract_UE4/Saved/Config/Windows/Engine.ini]
[2020.08.15-20.19.38:717][  0]LogConfig: Applying CVar settings from Section [ViewDistanceQuality@3] File [D:/simterac-ue4 task/simteract---ue4-task/Sumteract_UE4/Saved/Config/Windows/Scalability.ini]
[2020.08.15-20.19.38:717][  0]LogConfig: Setting CVar [[r.SkeletalMeshLODBias:0]]
[2020.08.15-20.19.38:717][  0]LogConfig: Setting CVar [[r.ViewDistanceScale:1.0]]
[2020.08.15-20.19.38:717][  0]LogConfig: Applying CVar settings from Section [AntiAliasingQuality@3] File [D:/simterac-ue4 task/simteract---ue4-task/Sumteract_UE4/Saved/Config/Windows/Scalability.ini]
[2020.08.15-20.19.38:717][  0]LogConfig: Setting CVar [[r.PostProcessAAQuality:4]]
[2020.08.15-20.19.38:717][  0]LogConfig: Applying CVar settings from Section [ShadowQuality@3] File [D:/simterac-ue4 task/simteract---ue4-task/Sumteract_UE4/Saved/Config/Windows/Scalability.ini]
[2020.08.15-20.19.38:717][  0]LogConfig: Setting CVar [[r.LightFunctionQuality:1]]
[2020.08.15-20.19.38:717][  0]LogConfig: Setting CVar [[r.ShadowQuality:5]]
[2020.08.15-20.19.38:717][  0]LogConfig: Setting CVar [[r.Shadow.CSM.MaxCascades:10]]
[2020.08.15-20.19.38:717][  0]LogConfig: Setting CVar [[r.Shadow.MaxResolution:2048]]
[2020.08.15-20.19.38:717][  0]LogConfig: Setting CVar [[r.Shadow.MaxCSMResolution:2048]]
[2020.08.15-20.19.38:717][  0]LogConfig: Setting CVar [[r.Shadow.RadiusThreshold:0.01]]
[2020.08.15-20.19.38:718][  0]LogConfig: Setting CVar [[r.Shadow.DistanceScale:1.0]]
[2020.08.15-20.19.38:718][  0]LogConfig: Setting CVar [[r.Shadow.CSM.TransitionScale:1.0]]
[2020.08.15-20.19.38:718][  0]LogConfig: Setting CVar [[r.Shadow.PreShadowResolutionFactor:1.0]]
[2020.08.15-20.19.38:718][  0]LogConfig: Setting CVar [[r.DistanceFieldShadowing:1]]
[2020.08.15-20.19.38:718][  0]LogConfig: Setting CVar [[r.DistanceFieldAO:1]]
[2020.08.15-20.19.38:718][  0]LogConfig: Setting CVar [[r.AOQuality:2]]
[2020.08.15-20.19.38:718][  0]LogConfig: Setting CVar [[r.VolumetricFog:1]]
[2020.08.15-20.19.38:718][  0]LogConfig: Setting CVar [[r.VolumetricFog.GridPixelSize:8]]
[2020.08.15-20.19.38:718][  0]LogConfig: Setting CVar [[r.VolumetricFog.GridSizeZ:128]]
[2020.08.15-20.19.38:718][  0]LogConfig: Setting CVar [[r.VolumetricFog.HistoryMissSupersampleCount:4]]
[2020.08.15-20.19.38:718][  0]LogConfig: Setting CVar [[r.LightMaxDrawDistanceScale:1]]
[2020.08.15-20.19.38:718][  0]LogConfig: Setting CVar [[r.CapsuleShadows:1]]
[2020.08.15-20.19.38:718][  0]LogConfig: Applying CVar settings from Section [PostProcessQuality@3] File [D:/simterac-ue4 task/simteract---ue4-task/Sumteract_UE4/Saved/Config/Windows/Scalability.ini]
[2020.08.15-20.19.38:718][  0]LogConfig: Setting CVar [[r.MotionBlurQuality:4]]
[2020.08.15-20.19.38:718][  0]LogConfig: Setting CVar [[r.AmbientOcclusionMipLevelFactor:0.4]]
[2020.08.15-20.19.38:718][  0]LogConfig: Setting CVar [[r.AmbientOcclusionMaxQuality:100]]
[2020.08.15-20.19.38:718][  0]LogConfig: Setting CVar [[r.AmbientOcclusionLevels:-1]]
[2020.08.15-20.19.38:718][  0]LogConfig: Setting CVar [[r.AmbientOcclusionRadiusScale:1.0]]
[2020.08.15-20.19.38:718][  0]LogConfig: Setting CVar [[r.DepthOfFieldQuality:2]]
[2020.08.15-20.19.38:718][  0]LogConfig: Setting CVar [[r.RenderTargetPoolMin:400]]
[2020.08.15-20.19.38:718][  0]LogConfig: Setting CVar [[r.LensFlareQuality:2]]
[2020.08.15-20.19.38:718][  0]LogConfig: Setting CVar [[r.SceneColorFringeQuality:1]]
[2020.08.15-20.19.38:718][  0]LogConfig: Setting CVar [[r.EyeAdaptationQuality:2]]
[2020.08.15-20.19.38:718][  0]LogConfig: Setting CVar [[r.BloomQuality:5]]
[2020.08.15-20.19.38:719][  0]LogConfig: Setting CVar [[r.FastBlurThreshold:100]]
[2020.08.15-20.19.38:719][  0]LogConfig: Setting CVar [[r.Upscale.Quality:3]]
[2020.08.15-20.19.38:719][  0]LogConfig: Setting CVar [[r.Tonemapper.GrainQuantization:1]]
[2020.08.15-20.19.38:719][  0]LogConfig: Setting CVar [[r.LightShaftQuality:1]]
[2020.08.15-20.19.38:719][  0]LogConfig: Setting CVar [[r.Filter.SizeScale:1]]
[2020.08.15-20.19.38:719][  0]LogConfig: Setting CVar [[r.Tonemapper.Quality:5]]
[2020.08.15-20.19.38:719][  0]LogConfig: Setting CVar [[r.DOF.Gather.AccumulatorQuality:1        ; higher gathering accumulator quality]]
[2020.08.15-20.19.38:719][  0]LogConfig: Setting CVar [[r.DOF.Gather.PostfilterMethod:1          ; Median3x3 postfilering method]]
[2020.08.15-20.19.38:719][  0]LogConfig: Setting CVar [[r.DOF.Gather.EnableBokehSettings:0       ; no bokeh simulation when gathering]]
[2020.08.15-20.19.38:719][  0]LogConfig: Setting CVar [[r.DOF.Gather.RingCount:4                 ; medium number of samples when gathering]]
[2020.08.15-20.19.38:719][  0]LogConfig: Setting CVar [[r.DOF.Scatter.ForegroundCompositing:1    ; additive foreground scattering]]
[2020.08.15-20.19.38:719][  0]LogConfig: Setting CVar [[r.DOF.Scatter.BackgroundCompositing:2    ; additive background scattering]]
[2020.08.15-20.19.38:719][  0]LogConfig: Setting CVar [[r.DOF.Scatter.EnableBokehSettings:1      ; bokeh simulation when scattering]]
[2020.08.15-20.19.38:719][  0]LogConfig: Setting CVar [[r.DOF.Scatter.MaxSpriteRatio:0.1         ; only a maximum of 10% of scattered bokeh]]
[2020.08.15-20.19.38:719][  0]LogConfig: Setting CVar [[r.DOF.Recombine.Quality:1                ; cheap slight out of focus]]
[2020.08.15-20.19.38:719][  0]LogConfig: Setting CVar [[r.DOF.Recombine.EnableBokehSettings:0    ; no bokeh simulation on slight out of focus]]
[2020.08.15-20.19.38:719][  0]LogConfig: Setting CVar [[r.DOF.TemporalAAQuality:1                ; more stable temporal accumulation]]
[2020.08.15-20.19.38:719][  0]LogConfig: Setting CVar [[r.DOF.Kernel.MaxForegroundRadius:0.025]]
[2020.08.15-20.19.38:719][  0]LogConfig: Setting CVar [[r.DOF.Kernel.MaxBackgroundRadius:0.025]]
[2020.08.15-20.19.38:719][  0]LogConfig: Applying CVar settings from Section [TextureQuality@3] File [D:/simterac-ue4 task/simteract---ue4-task/Sumteract_UE4/Saved/Config/Windows/Scalability.ini]
[2020.08.15-20.19.38:719][  0]LogConfig: Setting CVar [[r.Streaming.MipBias:0]]
[2020.08.15-20.19.38:719][  0]LogConfig: Setting CVar [[r.Streaming.AmortizeCPUToGPUCopy:0]]
[2020.08.15-20.19.38:719][  0]LogConfig: Setting CVar [[r.Streaming.MaxNumTexturesToStreamPerFrame:0]]
[2020.08.15-20.19.38:719][  0]LogConfig: Setting CVar [[r.Streaming.Boost:1]]
[2020.08.15-20.19.38:719][  0]LogConfig: Setting CVar [[r.MaxAnisotropy:8]]
[2020.08.15-20.19.38:719][  0]LogConfig: Setting CVar [[r.Streaming.LimitPoolSizeToVRAM:0]]
[2020.08.15-20.19.38:720][  0]LogConfig: Setting CVar [[r.Streaming.PoolSize:1000]]
[2020.08.15-20.19.38:720][  0]LogConfig: Setting CVar [[r.Streaming.MaxEffectiveScreenSize:0]]
[2020.08.15-20.19.38:720][  0]LogConfig: Applying CVar settings from Section [EffectsQuality@3] File [D:/simterac-ue4 task/simteract---ue4-task/Sumteract_UE4/Saved/Config/Windows/Scalability.ini]
[2020.08.15-20.19.38:720][  0]LogConfig: Setting CVar [[r.TranslucencyLightingVolumeDim:64]]
[2020.08.15-20.19.38:720][  0]LogConfig: Setting CVar [[r.RefractionQuality:2]]
[2020.08.15-20.19.38:720][  0]LogConfig: Setting CVar [[r.SSR.Quality:3]]
[2020.08.15-20.19.38:720][  0]LogConfig: Setting CVar [[r.SceneColorFormat:4]]
[2020.08.15-20.19.38:720][  0]LogConfig: Setting CVar [[r.DetailMode:2]]
[2020.08.15-20.19.38:720][  0]LogConfig: Setting CVar [[r.TranslucencyVolumeBlur:1]]
[2020.08.15-20.19.38:720][  0]LogConfig: Setting CVar [[r.MaterialQualityLevel:1 ; High quality]]
[2020.08.15-20.19.38:720][  0]LogConfig: Setting CVar [[r.SSS.Scale:1]]
[2020.08.15-20.19.38:720][  0]LogConfig: Setting CVar [[r.SSS.SampleSet:2]]
[2020.08.15-20.19.38:720][  0]LogConfig: Setting CVar [[r.SSS.Quality:1]]
[2020.08.15-20.19.38:720][  0]LogConfig: Setting CVar [[r.SSS.HalfRes:1]]
[2020.08.15-20.19.38:720][  0]LogConfig: Setting CVar [[r.EmitterSpawnRateScale:1.0]]
[2020.08.15-20.19.38:720][  0]LogConfig: Setting CVar [[r.ParticleLightQuality:2]]
[2020.08.15-20.19.38:720][  0]LogConfig: Applying CVar settings from Section [FoliageQuality@3] File [D:/simterac-ue4 task/simteract---ue4-task/Sumteract_UE4/Saved/Config/Windows/Scalability.ini]
[2020.08.15-20.19.38:720][  0]LogConfig: Setting CVar [[foliage.DensityScale:1.0]]
[2020.08.15-20.19.38:720][  0]LogConfig: Setting CVar [[grass.DensityScale:1.0]]
[2020.08.15-20.19.38:720][  0]LogInit: Selected Device Profile: [Windows]
[2020.08.15-20.19.38:720][  0]LogInit: Applying CVar settings loaded from the selected device profile: [Windows]
[2020.08.15-20.19.38:725][  0]LogHAL: Display: Platform has ~ 8 GB [8459030528 / 8589934592 / 8], which maps to Default [LargestMinGB=32, LargerMinGB=12, DefaultMinGB=8, SmallerMinGB=6, SmallestMinGB=0)
[2020.08.15-20.19.38:726][  0]LogInit: Going up to parent DeviceProfile []
[2020.08.15-20.19.38:726][  0]LogConfig: Applying CVar settings from Section [ViewDistanceQuality@3] File [D:/simterac-ue4 task/simteract---ue4-task/Sumteract_UE4/Saved/Config/Windows/Scalability.ini]
[2020.08.15-20.19.38:726][  0]LogConfig: Setting CVar [[r.SkeletalMeshLODBias:0]]
[2020.08.15-20.19.38:727][  0]LogConfig: Setting CVar [[r.ViewDistanceScale:1.0]]
[2020.08.15-20.19.38:727][  0]LogConfig: Applying CVar settings from Section [AntiAliasingQuality@3] File [D:/simterac-ue4 task/simteract---ue4-task/Sumteract_UE4/Saved/Config/Windows/Scalability.ini]
[2020.08.15-20.19.38:727][  0]LogConfig: Setting CVar [[r.PostProcessAAQuality:4]]
[2020.08.15-20.19.38:727][  0]LogConfig: Applying CVar settings from Section [ShadowQuality@3] File [D:/simterac-ue4 task/simteract---ue4-task/Sumteract_UE4/Saved/Config/Windows/Scalability.ini]
[2020.08.15-20.19.38:727][  0]LogConfig: Setting CVar [[r.LightFunctionQuality:1]]
[2020.08.15-20.19.38:727][  0]LogConfig: Setting CVar [[r.ShadowQuality:5]]
[2020.08.15-20.19.38:727][  0]LogConfig: Setting CVar [[r.Shadow.CSM.MaxCascades:10]]
[2020.08.15-20.19.38:727][  0]LogConfig: Setting CVar [[r.Shadow.MaxResolution:2048]]
[2020.08.15-20.19.38:727][  0]LogConfig: Setting CVar [[r.Shadow.MaxCSMResolution:2048]]
[2020.08.15-20.19.38:727][  0]LogConfig: Setting CVar [[r.Shadow.RadiusThreshold:0.01]]
[2020.08.15-20.19.38:727][  0]LogConfig: Setting CVar [[r.Shadow.DistanceScale:1.0]]
[2020.08.15-20.19.38:727][  0]LogConfig: Setting CVar [[r.Shadow.CSM.TransitionScale:1.0]]
[2020.08.15-20.19.38:727][  0]LogConfig: Setting CVar [[r.Shadow.PreShadowResolutionFactor:1.0]]
[2020.08.15-20.19.38:727][  0]LogConfig: Setting CVar [[r.DistanceFieldShadowing:1]]
[2020.08.15-20.19.38:727][  0]LogConfig: Setting CVar [[r.DistanceFieldAO:1]]
[2020.08.15-20.19.38:727][  0]LogConfig: Setting CVar [[r.AOQuality:2]]
[2020.08.15-20.19.38:727][  0]LogConfig: Setting CVar [[r.VolumetricFog:1]]
[2020.08.15-20.19.38:727][  0]LogConfig: Setting CVar [[r.VolumetricFog.GridPixelSize:8]]
[2020.08.15-20.19.38:728][  0]LogConfig: Setting CVar [[r.VolumetricFog.GridSizeZ:128]]
[2020.08.15-20.19.38:728][  0]LogConfig: Setting CVar [[r.VolumetricFog.HistoryMissSupersampleCount:4]]
[2020.08.15-20.19.38:728][  0]LogConfig: Setting CVar [[r.LightMaxDrawDistanceScale:1]]
[2020.08.15-20.19.38:728][  0]LogConfig: Setting CVar [[r.CapsuleShadows:1]]
[2020.08.15-20.19.38:728][  0]LogConfig: Applying CVar settings from Section [PostProcessQuality@3] File [D:/simterac-ue4 task/simteract---ue4-task/Sumteract_UE4/Saved/Config/Windows/Scalability.ini]
[2020.08.15-20.19.38:728][  0]LogConfig: Setting CVar [[r.MotionBlurQuality:4]]
[2020.08.15-20.19.38:728][  0]LogConfig: Setting CVar [[r.AmbientOcclusionMipLevelFactor:0.4]]
[2020.08.15-20.19.38:728][  0]LogConfig: Setting CVar [[r.AmbientOcclusionMaxQuality:100]]
[2020.08.15-20.19.38:728][  0]LogConfig: Setting CVar [[r.AmbientOcclusionLevels:-1]]
[2020.08.15-20.19.38:728][  0]LogConfig: Setting CVar [[r.AmbientOcclusionRadiusScale:1.0]]
[2020.08.15-20.19.38:728][  0]LogConfig: Setting CVar [[r.DepthOfFieldQuality:2]]
[2020.08.15-20.19.38:728][  0]LogConfig: Setting CVar [[r.RenderTargetPoolMin:400]]
[2020.08.15-20.19.38:728][  0]LogConfig: Setting CVar [[r.LensFlareQuality:2]]
[2020.08.15-20.19.38:728][  0]LogConfig: Setting CVar [[r.SceneColorFringeQuality:1]]
[2020.08.15-20.19.38:728][  0]LogConfig: Setting CVar [[r.EyeAdaptationQuality:2]]
[2020.08.15-20.19.38:728][  0]LogConfig: Setting CVar [[r.BloomQuality:5]]
[2020.08.15-20.19.38:728][  0]LogConfig: Setting CVar [[r.FastBlurThreshold:100]]
[2020.08.15-20.19.38:728][  0]LogConfig: Setting CVar [[r.Upscale.Quality:3]]
[2020.08.15-20.19.38:728][  0]LogConfig: Setting CVar [[r.Tonemapper.GrainQuantization:1]]
[2020.08.15-20.19.38:728][  0]LogConfig: Setting CVar [[r.LightShaftQuality:1]]
[2020.08.15-20.19.38:728][  0]LogConfig: Setting CVar [[r.Filter.SizeScale:1]]
[2020.08.15-20.19.38:728][  0]LogConfig: Setting CVar [[r.Tonemapper.Quality:5]]
[2020.08.15-20.19.38:728][  0]LogConfig: Setting CVar [[r.DOF.Gather.AccumulatorQuality:1        ; higher gathering accumulator quality]]
[2020.08.15-20.19.38:728][  0]LogConfig: Setting CVar [[r.DOF.Gather.PostfilterMethod:1          ; Median3x3 postfilering method]]
[2020.08.15-20.19.38:728][  0]LogConfig: Setting CVar [[r.DOF.Gather.EnableBokehSettings:0       ; no bokeh simulation when gathering]]
[2020.08.15-20.19.38:729][  0]LogConfig: Setting CVar [[r.DOF.Gather.RingCount:4                 ; medium number of samples when gathering]]
[2020.08.15-20.19.38:729][  0]LogConfig: Setting CVar [[r.DOF.Scatter.ForegroundCompositing:1    ; additive foreground scattering]]
[2020.08.15-20.19.38:729][  0]LogConfig: Setting CVar [[r.DOF.Scatter.BackgroundCompositing:2    ; additive background scattering]]
[2020.08.15-20.19.38:729][  0]LogConfig: Setting CVar [[r.DOF.Scatter.EnableBokehSettings:1      ; bokeh simulation when scattering]]
[2020.08.15-20.19.38:729][  0]LogConfig: Setting CVar [[r.DOF.Scatter.MaxSpriteRatio:0.1         ; only a maximum of 10% of scattered bokeh]]
[2020.08.15-20.19.38:729][  0]LogConfig: Setting CVar [[r.DOF.Recombine.Quality:1                ; cheap slight out of focus]]
[2020.08.15-20.19.38:729][  0]LogConfig: Setting CVar [[r.DOF.Recombine.EnableBokehSettings:0    ; no bokeh simulation on slight out of focus]]
[2020.08.15-20.19.38:729][  0]LogConfig: Setting CVar [[r.DOF.TemporalAAQuality:1                ; more stable temporal accumulation]]
[2020.08.15-20.19.38:729][  0]LogConfig: Setting CVar [[r.DOF.Kernel.MaxForegroundRadius:0.025]]
[2020.08.15-20.19.38:729][  0]LogConfig: Setting CVar [[r.DOF.Kernel.MaxBackgroundRadius:0.025]]
[2020.08.15-20.19.38:729][  0]LogConfig: Applying CVar settings from Section [TextureQuality@3] File [D:/simterac-ue4 task/simteract---ue4-task/Sumteract_UE4/Saved/Config/Windows/Scalability.ini]
[2020.08.15-20.19.38:729][  0]LogConfig: Setting CVar [[r.Streaming.MipBias:0]]
[2020.08.15-20.19.38:729][  0]LogConfig: Setting CVar [[r.Streaming.AmortizeCPUToGPUCopy:0]]
[2020.08.15-20.19.38:729][  0]LogConfig: Setting CVar [[r.Streaming.MaxNumTexturesToStreamPerFrame:0]]
[2020.08.15-20.19.38:729][  0]LogConfig: Setting CVar [[r.Streaming.Boost:1]]
[2020.08.15-20.19.38:729][  0]LogConfig: Setting CVar [[r.MaxAnisotropy:8]]
[2020.08.15-20.19.38:729][  0]LogConfig: Setting CVar [[r.Streaming.LimitPoolSizeToVRAM:0]]
[2020.08.15-20.19.38:729][  0]LogConfig: Setting CVar [[r.Streaming.PoolSize:1000]]
[2020.08.15-20.19.38:729][  0]LogConfig: Setting CVar [[r.Streaming.MaxEffectiveScreenSize:0]]
[2020.08.15-20.19.38:729][  0]LogConfig: Applying CVar settings from Section [EffectsQuality@3] File [D:/simterac-ue4 task/simteract---ue4-task/Sumteract_UE4/Saved/Config/Windows/Scalability.ini]
[2020.08.15-20.19.38:729][  0]LogConfig: Setting CVar [[r.TranslucencyLightingVolumeDim:64]]
[2020.08.15-20.19.38:729][  0]LogConfig: Setting CVar [[r.RefractionQuality:2]]
[2020.08.15-20.19.38:730][  0]LogConfig: Setting CVar [[r.SSR.Quality:3]]
[2020.08.15-20.19.38:730][  0]LogConfig: Setting CVar [[r.SceneColorFormat:4]]
[2020.08.15-20.19.38:730][  0]LogConfig: Setting CVar [[r.DetailMode:2]]
[2020.08.15-20.19.38:730][  0]LogConfig: Setting CVar [[r.TranslucencyVolumeBlur:1]]
[2020.08.15-20.19.38:730][  0]LogConfig: Setting CVar [[r.MaterialQualityLevel:1 ; High quality]]
[2020.08.15-20.19.38:730][  0]LogConfig: Setting CVar [[r.SSS.Scale:1]]
[2020.08.15-20.19.38:730][  0]LogConfig: Setting CVar [[r.SSS.SampleSet:2]]
[2020.08.15-20.19.38:730][  0]LogConfig: Setting CVar [[r.SSS.Quality:1]]
[2020.08.15-20.19.38:730][  0]LogConfig: Setting CVar [[r.SSS.HalfRes:1]]
[2020.08.15-20.19.38:730][  0]LogConfig: Setting CVar [[r.EmitterSpawnRateScale:1.0]]
[2020.08.15-20.19.38:730][  0]LogConfig: Setting CVar [[r.ParticleLightQuality:2]]
[2020.08.15-20.19.38:730][  0]LogConfig: Applying CVar settings from Section [FoliageQuality@3] File [D:/simterac-ue4 task/simteract---ue4-task/Sumteract_UE4/Saved/Config/Windows/Scalability.ini]
[2020.08.15-20.19.38:730][  0]LogConfig: Setting CVar [[foliage.DensityScale:1.0]]
[2020.08.15-20.19.38:730][  0]LogConfig: Setting CVar [[grass.DensityScale:1.0]]
[2020.08.15-20.19.38:730][  0]LogConfig: Applying CVar settings from Section [Startup] File [../../../Engine/Config/ConsoleVariables.ini]
[2020.08.15-20.19.38:731][  0]LogConfig: Setting CVar [[net.UseAdaptiveNetUpdateFrequency:0]]
[2020.08.15-20.19.38:732][  0]LogConfig: Setting CVar [[p.chaos.AllowCreatePhysxBodies:1]]
[2020.08.15-20.19.38:732][  0]LogConfig: Applying CVar settings from Section [ConsoleVariables] File [D:/simterac-ue4 task/simteract---ue4-task/Sumteract_UE4/Saved/Config/Windows/Engine.ini]
[2020.08.15-20.19.38:732][  0]LogInit: Computer: DESKTOP-HGEI2AA
[2020.08.15-20.19.38:732][  0]LogInit: User: bru
[2020.08.15-20.19.38:732][  0]LogInit: CPU Page size=4096, Cores=4
[2020.08.15-20.19.38:732][  0]LogInit: High frequency timer resolution =10.000000 MHz
[2020.08.15-20.19.38:732][  0]LogMemory: Memory total: Physical=7.9GB (8GB approx)
[2020.08.15-20.19.38:733][  0]LogMemory: Platform Memory Stats for Windows
[2020.08.15-20.19.38:733][  0]LogMemory: Process Physical Memory: 103.61 MB used, 103.61 MB peak
[2020.08.15-20.19.38:733][  0]LogMemory: Process Virtual Memory: 87.96 MB used, 87.96 MB peak
[2020.08.15-20.19.38:733][  0]LogMemory: Physical Memory: 5692.01 MB used,  2375.15 MB free, 8067.16 MB total
[2020.08.15-20.19.38:733][  0]LogMemory: Virtual Memory: 4644.10 MB used,  134213080.00 MB free, 134217728.00 MB total
[2020.08.15-20.19.38:757][  0]LogWindows: WindowsPlatformFeatures enabled
[2020.08.15-20.19.38:869][  0]LogInit: Using OS detected language (pl-PL).
[2020.08.15-20.19.38:869][  0]LogInit: Using OS detected locale (pl-PL).
[2020.08.15-20.19.38:869][  0]LogTextLocalizationManager: No specific localization for 'pl-PL' exists, so the 'pl' localization will be used.
[2020.08.15-20.19.38:870][  0]LogTextLocalizationResource: LocRes '../../../Engine/Content/Localization/Editor/pl/Editor.locres' could not be opened for reading!
[2020.08.15-20.19.38:870][  0]LogTextLocalizationResource: LocRes '../../../Engine/Content/Localization/EditorTutorials/pl/EditorTutorials.locres' could not be opened for reading!
[2020.08.15-20.19.38:870][  0]LogTextLocalizationResource: LocRes '../../../Engine/Content/Localization/Keywords/pl/Keywords.locres' could not be opened for reading!
[2020.08.15-20.19.38:870][  0]LogTextLocalizationResource: LocRes '../../../Engine/Content/Localization/Category/pl/Category.locres' could not be opened for reading!
[2020.08.15-20.19.38:871][  0]LogTextLocalizationResource: LocRes '../../../Engine/Content/Localization/ToolTips/pl/ToolTips.locres' could not be opened for reading!
[2020.08.15-20.19.38:871][  0]LogTextLocalizationResource: LocRes '../../../Engine/Content/Localization/PropertyNames/pl/PropertyNames.locres' could not be opened for reading!
[2020.08.15-20.19.38:871][  0]LogTextLocalizationResource: LocRes '../../../Engine/Content/Localization/Engine/pl/Engine.locres' could not be opened for reading!
[2020.08.15-20.19.38:872][  0]LogInit: Setting process to per monitor DPI aware
[2020.08.15-20.19.38:938][  0]LogSlate: New Slate User Created.  User Index 0, Is Virtual User: 0
[2020.08.15-20.19.38:938][  0]LogSlate: Slate User Registered.  User Index 0, Is Virtual User: 0
[2020.08.15-20.19.39:117][  0]LogHMD: Failed to initialize OpenVR with code 110
[2020.08.15-20.19.39:117][  0]LogD3D11RHI: D3D11 adapters:
[2020.08.15-20.19.39:172][  0]LogD3D11RHI:    0. 'AMD Radeon(TM) RX 560' (Feature Level 11_0)
[2020.08.15-20.19.39:172][  0]LogD3D11RHI:       4044/0/4033 MB DedicatedVideo/DedicatedSystem/SharedSystem, Outputs:1, VendorId:0x1002
[2020.08.15-20.19.39:205][  0]LogD3D11RHI:    1. 'Intel(R) HD Graphics 630' (Feature Level 11_0)
[2020.08.15-20.19.39:205][  0]LogD3D11RHI:       128/0/4033 MB DedicatedVideo/DedicatedSystem/SharedSystem, Outputs:0, VendorId:0x8086
[2020.08.15-20.19.39:215][  0]LogD3D11RHI:    2. 'Microsoft Basic Render Driver' (Feature Level 11_0)
[2020.08.15-20.19.39:215][  0]LogD3D11RHI:       0/0/4033 MB DedicatedVideo/DedicatedSystem/SharedSystem, Outputs:0, VendorId:0x1414
[2020.08.15-20.19.39:215][  0]LogD3D11RHI: Chosen D3D11 Adapter: 0
[2020.08.15-20.19.39:227][  0]LogD3D11RHI: Creating new Direct3DDevice
[2020.08.15-20.19.39:227][  0]LogD3D11RHI:     GPU DeviceId: 0x67ef (for the marketing name, search the web for "GPU Device Id")
[2020.08.15-20.19.39:227][  0]LogWindows: EnumDisplayDevices:
[2020.08.15-20.19.39:227][  0]LogWindows:    0. 'Intel(R) HD Graphics 630' (P:1 D:1)
[2020.08.15-20.19.39:228][  0]LogWindows:    1. 'Intel(R) HD Graphics 630' (P:0 D:0)
[2020.08.15-20.19.39:228][  0]LogWindows:    2. 'Intel(R) HD Graphics 630' (P:0 D:0)
[2020.08.15-20.19.39:228][  0]LogWindows: DebugString: PrimaryIsNotTheChoosenAdapter PrimaryIsNotTheChoosenAdapter PrimaryIsNotTheChoosenAdapter FoundDriverCount:0 
[2020.08.15-20.19.39:229][  0]LogD3D11RHI:     Adapter Name: AMD Radeon(TM) RX 560
[2020.08.15-20.19.39:229][  0]LogD3D11RHI:   Driver Version: Unknown (internal:Unknown, unified:Unknown)
[2020.08.15-20.19.39:229][  0]LogD3D11RHI:      Driver Date: Unknown
[2020.08.15-20.19.39:229][  0]LogRHI: Texture pool is 2831 MB (70% of 4044 MB)
[2020.08.15-20.19.39:293][  0]LogD3D11RHI: Async texture creation enabled
[2020.08.15-20.19.39:305][  0]LogD3D11RHI: GPU Timing Frequency: 25.000000 (Debug: 2 1)
[2020.08.15-20.19.39:657][  0]LogTemp: Display: Module 'AllDesktopTargetPlatform' loaded TargetPlatform 'AllDesktop'
[2020.08.15-20.19.39:668][  0]LogTemp: Display: Module 'MacClientTargetPlatform' loaded TargetPlatform 'MacClient'
[2020.08.15-20.19.39:678][  0]LogTemp: Display: Module 'MacNoEditorTargetPlatform' loaded TargetPlatform 'MacNoEditor'
[2020.08.15-20.19.39:689][  0]LogTemp: Display: Module 'MacServerTargetPlatform' loaded TargetPlatform 'MacServer'
[2020.08.15-20.19.39:701][  0]LogTemp: Display: Module 'MacTargetPlatform' loaded TargetPlatform 'Mac'
[2020.08.15-20.19.39:712][  0]LogTemp: Display: Module 'WindowsClientTargetPlatform' loaded TargetPlatform 'WindowsClient'
[2020.08.15-20.19.39:722][  0]LogTemp: Display: Module 'WindowsNoEditorTargetPlatform' loaded TargetPlatform 'WindowsNoEditor'
[2020.08.15-20.19.39:734][  0]LogTemp: Display: Module 'WindowsServerTargetPlatform' loaded TargetPlatform 'WindowsServer'
[2020.08.15-20.19.39:740][  0]LogTemp: Display: Module 'WindowsTargetPlatform' loaded TargetPlatform 'Windows'
[2020.08.15-20.19.39:779][  0]LogTemp: Display: Module 'AndroidTargetPlatform' loaded TargetPlatform 'Android'
[2020.08.15-20.19.39:779][  0]LogTemp: Display: Module 'AndroidTargetPlatform' loaded TargetPlatform 'Android_ASTC'
[2020.08.15-20.19.39:779][  0]LogTemp: Display: Module 'AndroidTargetPlatform' loaded TargetPlatform 'Android_ATC'
[2020.08.15-20.19.39:779][  0]LogTemp: Display: Module 'AndroidTargetPlatform' loaded TargetPlatform 'Android_DXT'
[2020.08.15-20.19.39:779][  0]LogTemp: Display: Module 'AndroidTargetPlatform' loaded TargetPlatform 'Android_ETC1'
[2020.08.15-20.19.39:779][  0]LogTemp: Display: Module 'AndroidTargetPlatform' loaded TargetPlatform 'Android_ETC1a'
[2020.08.15-20.19.39:779][  0]LogTemp: Display: Module 'AndroidTargetPlatform' loaded TargetPlatform 'Android_ETC2'
[2020.08.15-20.19.39:780][  0]LogTemp: Display: Module 'AndroidTargetPlatform' loaded TargetPlatform 'Android_PVRTC'
[2020.08.15-20.19.39:780][  0]LogTemp: Display: Module 'AndroidTargetPlatform' loaded TargetPlatform 'AndroidClient'
[2020.08.15-20.19.39:780][  0]LogTemp: Display: Module 'AndroidTargetPlatform' loaded TargetPlatform 'Android_ASTCClient'
[2020.08.15-20.19.39:780][  0]LogTemp: Display: Module 'AndroidTargetPlatform' loaded TargetPlatform 'Android_ATCClient'
[2020.08.15-20.19.39:780][  0]LogTemp: Display: Module 'AndroidTargetPlatform' loaded TargetPlatform 'Android_DXTClient'
[2020.08.15-20.19.39:780][  0]LogTemp: Display: Module 'AndroidTargetPlatform' loaded TargetPlatform 'Android_ETC1Client'
[2020.08.15-20.19.39:780][  0]LogTemp: Display: Module 'AndroidTargetPlatform' loaded TargetPlatform 'Android_ETC1aClient'
[2020.08.15-20.19.39:780][  0]LogTemp: Display: Module 'AndroidTargetPlatform' loaded TargetPlatform 'Android_ETC2Client'
[2020.08.15-20.19.39:780][  0]LogTemp: Display: Module 'AndroidTargetPlatform' loaded TargetPlatform 'Android_PVRTCClient'
[2020.08.15-20.19.39:780][  0]LogTemp: Display: Module 'AndroidTargetPlatform' loaded TargetPlatform 'Android_Multi'
[2020.08.15-20.19.39:780][  0]LogTemp: Display: Module 'AndroidTargetPlatform' loaded TargetPlatform 'Android_MultiClient'
[2020.08.15-20.19.39:784][  0]LogTemp: Display: Module 'HTML5TargetPlatform' loaded TargetPlatform 'HTML5'
[2020.08.15-20.19.39:822][  0]LogTemp: Display: Module 'IOSTargetPlatform' loaded TargetPlatform 'IOSClient'
[2020.08.15-20.19.39:822][  0]LogTemp: Display: Module 'IOSTargetPlatform' loaded TargetPlatform 'IOS'
[2020.08.15-20.19.39:839][  0]LogTemp: Display: Module 'TVOSTargetPlatform' loaded TargetPlatform 'TVOSClient'
[2020.08.15-20.19.39:839][  0]LogTemp: Display: Module 'TVOSTargetPlatform' loaded TargetPlatform 'TVOS'
[2020.08.15-20.19.39:849][  0]LogTemp: Display: Module 'LinuxClientTargetPlatform' loaded TargetPlatform 'LinuxClient'
[2020.08.15-20.19.39:859][  0]LogTemp: Display: Module 'LinuxNoEditorTargetPlatform' loaded TargetPlatform 'LinuxNoEditor'
[2020.08.15-20.19.39:868][  0]LogTemp: Display: Module 'LinuxServerTargetPlatform' loaded TargetPlatform 'LinuxServer'
[2020.08.15-20.19.39:878][  0]LogTemp: Display: Module 'LinuxTargetPlatform' loaded TargetPlatform 'Linux'
[2020.08.15-20.19.39:906][  0]LogTemp: Display: Module 'LuminTargetPlatform' loaded TargetPlatform 'Lumin'
[2020.08.15-20.19.39:906][  0]LogTemp: Display: Module 'LuminTargetPlatform' loaded TargetPlatform 'LuminClient'
[2020.08.15-20.19.39:906][  0]LogTargetPlatformManager: Display: Building Assets For Windows
[2020.08.15-20.19.39:927][  0]LogAudioDebug: Display: Lib vorbis DLL was dynamically loaded.
[2020.08.15-20.19.40:031][  0]LogShaderCompilers: Guid format shader working directory is -21 characters bigger than the processId version (../../../../simterac-ue4 task/simteract---ue4-task/Sumteract_UE4/Intermediate/Shaders/WorkingDirectory/10492/).
[2020.08.15-20.19.40:031][  0]LogShaderCompilers: Cleaned the shader compiler working directory 'C:/Users/bru/AppData/Local/Temp/UnrealShaderWorkingDir/6AE853BA42FC47B053A50982D952C97C/'.
[2020.08.15-20.19.40:033][  0]LogXGEController: Cleaning working directory: C:/Users/bru/AppData/Local/Temp/UnrealXGEWorkingDir/
[2020.08.15-20.19.40:034][  0]LogXGEController: Cannot use XGE Controller as Incredibuild is not installed on this machine.
[2020.08.15-20.19.40:034][  0]LogShaderCompilers: Cannot use XGE Shader Compiler as Incredibuild is not installed on this machine.
[2020.08.15-20.19.40:034][  0]LogShaderCompilers: Display: Using Local Shader Compiler.
[2020.08.15-20.19.40:798][  0]LogDerivedDataCache: Display: Max Cache Size: 512 MB
[2020.08.15-20.19.40:876][  0]LogDerivedDataCache: Loaded boot cache 0.08s 73MB C:/Users/bru/AppData/Local/UnrealEngine/4.23/DerivedDataCache/Boot.ddc.
[2020.08.15-20.19.40:876][  0]LogDerivedDataCache: Display: Loaded Boot cache: C:/Users/bru/AppData/Local/UnrealEngine/4.23/DerivedDataCache/Boot.ddc
[2020.08.15-20.19.40:876][  0]LogDerivedDataCache: FDerivedDataBackendGraph:  Pak pak cache file ../../../../simterac-ue4 task/simteract---ue4-task/Sumteract_UE4/DerivedDataCache/DDC.ddp not found, will not use a pak cache.
[2020.08.15-20.19.40:877][  0]LogDerivedDataCache: Unable to find inner node Pak for hierarchical cache Hierarchy.
[2020.08.15-20.19.40:877][  0]LogDerivedDataCache: FDerivedDataBackendGraph:  CompressedPak pak cache file ../../../../simterac-ue4 task/simteract---ue4-task/Sumteract_UE4/DerivedDataCache/Compressed.ddp not found, will not use a pak cache.
[2020.08.15-20.19.40:877][  0]LogDerivedDataCache: Unable to find inner node CompressedPak for hierarchical cache Hierarchy.
[2020.08.15-20.19.40:892][  0]LogDerivedDataCache: Display: Pak cache opened for reading ../../../Engine/DerivedDataCache/Compressed.ddp.
[2020.08.15-20.19.40:892][  0]LogDerivedDataCache: FDerivedDataBackendGraph:  EnterprisePak pak cache file ../../../Enterprise/DerivedDataCache/Compressed.ddp not found, will not use a pak cache.
[2020.08.15-20.19.40:892][  0]LogDerivedDataCache: Unable to find inner node EnterprisePak for hierarchical cache Hierarchy.
[2020.08.15-20.19.40:895][  0]LogDerivedDataCache: Using Local data cache path C:/Users/bru/AppData/Local/UnrealEngine/Common/DerivedDataCache: Writable
[2020.08.15-20.19.40:896][  0]LogDerivedDataCache: Shared data cache path not found in *engine.ini, will not use an Shared cache.
[2020.08.15-20.19.40:896][  0]LogDerivedDataCache: Unable to find inner node Shared for hierarchical cache Hierarchy.
[2020.08.15-20.19.40:922][  0]LogMaterial: Verifying Global Shaders for PCD3D_SM5
[2020.08.15-20.19.40:925][  0]LogSlate: Using FreeType 2.6.0
[2020.08.15-20.19.40:926][  0]LogSlate: SlateFontServices - WITH_FREETYPE: 1, WITH_HARFBUZZ: 1
[2020.08.15-20.19.40:994][  0]LogAssetRegistry: FAssetRegistry took 0.0079 seconds to start up
[2020.08.15-20.19.41:296][  0]LogInit: Selected Device Profile: [Windows]
[2020.08.15-20.19.41:477][  0]LogMeshReduction: Using QuadricMeshReduction for automatic static mesh reduction
[2020.08.15-20.19.41:477][  0]LogMeshReduction: Using SimplygonMeshReduction for automatic skeletal mesh reduction
[2020.08.15-20.19.41:477][  0]LogMeshReduction: Using ProxyLODMeshReduction for automatic mesh merging
[2020.08.15-20.19.41:477][  0]LogMeshReduction: No distributed automatic mesh merging module available
[2020.08.15-20.19.41:477][  0]LogMeshMerging: No distributed automatic mesh merging module available
[2020.08.15-20.19.41:488][  0]LogNetVersion: Sumteract_UE4 1.0.0, NetCL: 8386587, EngineNetVer: 11, GameNetVer: 0 (Checksum: 2866633504)
[2020.08.15-20.19.41:944][  0]LogPackageLocalizationCache: Processed 12 localized package path(s) for 1 prioritized culture(s) in 0.042899 seconds
[2020.08.15-20.19.41:954][  0]LogUObjectArray: 43444 objects as part of root set at end of initial load.
[2020.08.15-20.19.41:954][  0]LogUObjectAllocator: 7548648 out of 0 bytes used by permanent object pool.
[2020.08.15-20.19.41:954][  0]LogUObjectArray: CloseDisregardForGC: 0/0 objects in disregard for GC pool
[2020.08.15-20.19.43:076][  0]LogTcpMessaging: Initializing TcpMessaging bridge
[2020.08.15-20.19.43:085][  0]LogUdpMessaging: Initializing bridge on interface 0.0.0.0:0 to multicast group 230.0.0.1:6666.
[2020.08.15-20.19.43:218][  0]SourceControl: Source control is disabled
[2020.08.15-20.19.43:218][  0]SourceControl: Source control is disabled
[2020.08.15-20.19.43:221][  0]SourceControl: Source control is disabled
[2020.08.15-20.19.43:224][  0]SourceControl: Source control is disabled
[2020.08.15-20.19.43:392][  0]LogAndroidPermission: UAndroidPermissionCallbackProxy::GetInstance
[2020.08.15-20.19.43:645][  0]LogOcInput: OculusInput pre-init called
[2020.08.15-20.19.43:657][  0]LogWindows: Failed to load 'OVRPlugin.dll' (GetLastError=126)
[2020.08.15-20.19.43:657][  0]LogWindows: File 'OVRPlugin.dll' does not exist
[2020.08.15-20.19.43:748][  0]LogEngine: Initializing Engine...
[2020.08.15-20.19.43:750][  0]LogHMD: Failed to initialize OpenVR with code 110
[2020.08.15-20.19.43:752][  0]LogStats: UGameplayTagsManager::InitializeManager -  0.000 s
[2020.08.15-20.19.44:017][  0]LogInit: Initializing FReadOnlyCVARCache
[2020.08.15-20.19.44:033][  0]LogAIModule: Creating AISystem for world Untitled
[2020.08.15-20.19.44:085][  0]LogInit: XAudio2 using 'Głośniki (Realtek High Definition Audio)' : 2 channels at 48 kHz using 32 bits per sample (channel mask 0x3)
[2020.08.15-20.19.44:116][  0]LogInit: FAudioDevice initialized.
[2020.08.15-20.19.44:117][  0]LogNetVersion: Set ProjectVersion to 1.0.0.0. Version Checksum will be recalculated on next use.
[2020.08.15-20.19.44:200][  0]LogDerivedDataCache: Saved boot cache 0.08s 73MB C:/Users/bru/AppData/Local/UnrealEngine/4.23/DerivedDataCache/Boot.ddc.
[2020.08.15-20.19.44:203][  0]LogInit: Texture streaming: Enabled
[2020.08.15-20.19.44:233][  0]LogEngineSessionManager: EngineSessionManager initialized
[2020.08.15-20.19.44:233][  0]LogEngineSessionManager: EngineSessionManager sent abnormal shutdown report. Type=Debugger, SessionId={6D38A5A1-452D-C40E-CC40-469A99BD4341}
[2020.08.15-20.19.44:272][  0]LogInit: Transaction tracking system initialized
[2020.08.15-20.19.44:312][  0]BlueprintLog: New page: Editor Load
[2020.08.15-20.19.44:410][  0]LocalizationService: Localization service is disabled
[2020.08.15-20.19.44:689][  0]LogFileCache: Scanning file cache for directory 'D:/simterac-ue4 task/simteract---ue4-task/Sumteract_UE4/Content/' took 0.00s
[2020.08.15-20.19.44:689][  0]LogCook: Display: Max memory allowance for cook 16384mb min free memory 0mb
[2020.08.15-20.19.44:689][  0]LogCook: Display: Mobile HDR setting 1
[2020.08.15-20.19.44:932][  0]SourceControl: Source control is disabled
[2020.08.15-20.19.44:933][  0]Cmd: MAP LOAD FILE="../../../../simterac-ue4 task/simteract---ue4-task/Sumteract_UE4/Content/levels/Traffic.umap" TEMPLATE=0 SHOWPROGRESS=1 FEATURELEVEL=3
[2020.08.15-20.19.44:933][  0]LightingResults: New page: Lighting Build
[2020.08.15-20.19.44:936][  0]LogWorld: UWorld::CleanupWorld for Untitled, bSessionEnded=true, bCleanupResources=true
[2020.08.15-20.19.44:936][  0]MapCheck: New page: Map Check
[2020.08.15-20.19.44:936][  0]LightingResults: New page: Lighting Build
[2020.08.15-20.19.44:963][  0]LogUObjectHash: Compacting FUObjectHashTables data took   1.94ms
[2020.08.15-20.19.45:070][  0]LogAIModule: Creating AISystem for world Traffic
[2020.08.15-20.19.45:078][  0]LogEditorServer: Finished looking for orphan Actors (0.000 secs)
[2020.08.15-20.19.45:106][  0]LogUObjectHash: Compacting FUObjectHashTables data took   2.09ms
[2020.08.15-20.19.45:106][  0]Cmd: MAP CHECKDEP NOCLEARLOG
[2020.08.15-20.19.45:106][  0]MapCheck: Map check complete: 0 Error(s), 0 Warning(s), took 0,132ms to complete.
[2020.08.15-20.19.45:106][  0]LogFileHelpers: Loading map 'Traffic' took 0.174
[2020.08.15-20.19.45:230][  0]LogSlate: Updating window title bar state: overlay mode, drag disabled, window buttons hidden, title bar hidden
[2020.08.15-20.19.45:237][  0]LogSlate: Updating window title bar state: overlay mode, drag disabled, window buttons hidden, title bar hidden
[2020.08.15-20.19.45:246][  0]LogSlate: Updating window title bar state: overlay mode, drag disabled, window buttons hidden, title bar hidden
[2020.08.15-20.19.45:253][  0]LogSlate: Updating window title bar state: overlay mode, drag disabled, window buttons hidden, title bar hidden
[2020.08.15-20.19.45:261][  0]LogCollectionManager: Loaded 0 collections in 0.001091 seconds
[2020.08.15-20.19.45:275][  0]LogFileCache: Scanning file cache for directory 'D:/simterac-ue4 task/simteract---ue4-task/Sumteract_UE4/Saved/Collections/' took 0.00s
[2020.08.15-20.19.45:275][  0]LogFileCache: Scanning file cache for directory 'D:/simterac-ue4 task/simteract---ue4-task/Sumteract_UE4/Content/Developers/bru/Collections/' took 0.00s
[2020.08.15-20.19.45:275][  0]LogFileCache: Scanning file cache for directory 'D:/simterac-ue4 task/simteract---ue4-task/Sumteract_UE4/Content/Collections/' took 0.00s
[2020.08.15-20.19.45:275][  0]LogCollectionManager: Rebuilt the GUID cache for 0 collections in 0.000002 seconds
[2020.08.15-20.19.45:284][  0]LogContentBrowser: Native class hierarchy populated in 0.0090 seconds. Added 2865 classes and 682 folders.
[2020.08.15-20.19.45:293][  0]LogContentBrowser: Native class hierarchy updated for 'WidgetCarousel' in 0.0004 seconds. Added 0 classes and 0 folders.
[2020.08.15-20.19.45:331][  0]LogContentBrowser: Native class hierarchy updated for 'AddContentDialog' in 0.0003 seconds. Added 0 classes and 0 folders.
[2020.08.15-20.19.45:340][  0]LogContentBrowser: Native class hierarchy updated for 'SceneOutliner' in 0.0008 seconds. Added 1 classes and 2 folders.
[2020.08.15-20.19.45:402][  0]LogSlate: Took 0.000192 seconds to synchronously load lazily loaded font '../../../Engine/Content/Slate/Fonts/Roboto-Regular.ttf' (155K)
[2020.08.15-20.19.45:406][  0]LogSlate: Took 0.000186 seconds to synchronously load lazily loaded font '../../../Engine/Content/Slate/Fonts/Roboto-Bold.ttf' (160K)
[2020.08.15-20.19.45:413][  0]LogSlate: Took 0.000171 seconds to synchronously load lazily loaded font '../../../Engine/Content/Editor/Slate/Fonts/FontAwesome.ttf' (139K)
[2020.08.15-20.19.45:485][  0]LogRenderer: Reallocating scene render targets to support 1200x512 Format 10 NumSamples 1 (Frame:1).
[2020.08.15-20.19.45:689][  0]LogContentBrowser: Native class hierarchy updated for 'HierarchicalLODOutliner' in 0.0004 seconds. Added 0 classes and 0 folders.
[2020.08.15-20.19.45:691][  0]LogLoad: (Engine Initialization) Total time: 8.37 seconds
[2020.08.15-20.19.45:694][  0]LogLoad: (Engine Initialization) Total Blueprint compile time: 0.00 seconds
[2020.08.15-20.19.45:747][  0]LogAssetRegistry: Asset discovery search completed in 4.7583 seconds
[2020.08.15-20.19.45:751][  0]LogCollectionManager: Rebuilt the object cache for 0 collections in 0.000005 seconds (found 0 objects)
[2020.08.15-20.19.45:751][  0]LogCollectionManager: Fixed up redirectors for 0 collections in 0.000192 seconds (updated 0 objects)
[2020.08.15-20.19.45:752][  0]LogContentStreaming: Texture pool size now 1000 MB
[2020.08.15-20.19.45:791][  0]LogSlate: Took 0.000157 seconds to synchronously load lazily loaded font '../../../Engine/Content/Slate/Fonts/Roboto-Light.ttf' (167K)
[2020.08.15-20.19.47:760][190]LogSlate: FSceneViewport::OnFocusLost() reason 0
[2020.08.15-20.19.47:843][199]LogTemp: Repeating last play command: Selected Viewport
[2020.08.15-20.19.47:852][199]LogBlueprintUserMessages: Early PlayInEditor Detection: Level '/Game/levels/Traffic.Traffic:PersistentLevel' has LevelScriptBlueprint '/Game/levels/Traffic.Traffic:PersistentLevel.Traffic' with GeneratedClass '/Game/levels/Traffic.Traffic_C' with ClassGeneratedBy '/Game/levels/Traffic.Traffic:PersistentLevel.Traffic'
[2020.08.15-20.19.47:852][199]LogPlayLevel: PlayLevel: No blueprints needed recompiling
[2020.08.15-20.19.47:852][199]PIE: New page: PIE session: Traffic (16 sie 2020, 00:19:47)
[2020.08.15-20.19.47:854][199]LogOnline: OSS: Creating online subsystem instance for: NULL
[2020.08.15-20.19.47:857][199]LogPlayLevel: Creating play world package: /Game/levels/UEDPIE_0_Traffic
[2020.08.15-20.19.47:860][199]LogPlayLevel: PIE: StaticDuplicateObject took: (0.002756s)
[2020.08.15-20.19.47:862][199]LogAIModule: Creating AISystem for world Traffic
[2020.08.15-20.19.47:862][199]LogPlayLevel: PIE: World Init took: (0.001616s)
[2020.08.15-20.19.47:862][199]LogPlayLevel: PIE: Created PIE world by copying editor world from /Game/levels/Traffic.Traffic to /Game/levels/UEDPIE_0_Traffic.Traffic (0.004903s)
[2020.08.15-20.19.47:888][199]LogUObjectHash: Compacting FUObjectHashTables data took   1.43ms
[2020.08.15-20.19.47:898][199]LogInit: XAudio2 using 'Głośniki (Realtek High Definition Audio)' : 2 channels at 48 kHz using 32 bits per sample (channel mask 0x3)
[2020.08.15-20.19.47:916][199]LogInit: FAudioDevice initialized.
[2020.08.15-20.19.47:930][199]LogLoad: Game class is 'Sumteract_UE4GameModeBase'
[2020.08.15-20.19.47:932][199]LogWorld: Bringing World /Game/levels/UEDPIE_0_Traffic.Traffic up for play (max tick rate 0) at 2020.08.15-22.19.47
[2020.08.15-20.19.47:932][199]LogWorld: Bringing up level for play took: 0.000859
[2020.08.15-20.19.47:933][199]LogOnline: OSS: Creating online subsystem instance for: :Context_1
[2020.08.15-20.19.47:939][199]LogContentBrowser: Native class hierarchy updated for 'MovieSceneCapture' in 0.0004 seconds. Added 20 classes and 0 folders.
[2020.08.15-20.20.01:251][199]PIE: Play in editor start time for /Game/levels/UEDPIE_0_Traffic 14,286
[2020.08.15-20.20.01:252][199]LogBlueprintUserMessages: Late PlayInEditor Detection: Level '/Game/levels/Traffic.Traffic:PersistentLevel' has LevelScriptBlueprint '/Game/levels/Traffic.Traffic:PersistentLevel.Traffic' with GeneratedClass '/Game/levels/Traffic.Traffic_C' with ClassGeneratedBy '/Game/levels/Traffic.Traffic:PersistentLevel.Traffic'
[2020.08.15-20.20.03:287][309]LogBlueprintUserMessages: Early EndPlayMap Detection: Level '/Game/levels/Traffic.Traffic:PersistentLevel' has LevelScriptBlueprint '/Game/levels/Traffic.Traffic:PersistentLevel.Traffic' with GeneratedClass '/Game/levels/Traffic.Traffic_C' with ClassGeneratedBy '/Game/levels/Traffic.Traffic:PersistentLevel.Traffic'
[2020.08.15-20.20.03:289][309]LogSlate: Updating window title bar state: overlay mode, drag disabled, window buttons hidden, title bar hidden
[2020.08.15-20.20.03:290][309]LogWorld: BeginTearingDown for /Game/levels/UEDPIE_0_Traffic
[2020.08.15-20.20.03:291][309]LogWorld: UWorld::CleanupWorld for Traffic, bSessionEnded=true, bCleanupResources=true
[2020.08.15-20.20.03:315][309]LogPlayLevel: Display: Shutting down PIE online subsystems
[2020.08.15-20.20.03:316][309]LogBlueprintUserMessages: Late EndPlayMap Detection: Level '/Game/levels/Traffic.Traffic:PersistentLevel' has LevelScriptBlueprint '/Game/levels/Traffic.Traffic:PersistentLevel.Traffic' with GeneratedClass '/Game/levels/Traffic.Traffic_C' with ClassGeneratedBy '/Game/levels/Traffic.Traffic:PersistentLevel.Traffic'
[2020.08.15-20.20.03:353][309]LogSlate: Updating window title bar state: overlay mode, drag disabled, window buttons hidden, title bar hidden
[2020.08.15-20.20.03:357][309]LogUObjectHash: Compacting FUObjectHashTables data took   1.83ms
[2020.08.15-20.20.03:392][312]LogPlayLevel: Display: Destroying online subsystem :Context_1
[2020.08.15-20.20.25:566][548]LogTemp: Repeating last play command: Selected Viewport
[2020.08.15-20.20.25:575][548]LogBlueprintUserMessages: Early PlayInEditor Detection: Level '/Game/levels/Traffic.Traffic:PersistentLevel' has LevelScriptBlueprint '/Game/levels/Traffic.Traffic:PersistentLevel.Traffic' with GeneratedClass '/Game/levels/Traffic.Traffic_C' with ClassGeneratedBy '/Game/levels/Traffic.Traffic:PersistentLevel.Traffic'
[2020.08.15-20.20.25:576][548]LogPlayLevel: PlayLevel: No blueprints needed recompiling
[2020.08.15-20.20.25:577][548]PIE: New page: PIE session: Traffic (16 sie 2020, 00:20:25)
[2020.08.15-20.20.25:578][548]LogPlayLevel: Creating play world package: /Game/levels/UEDPIE_0_Traffic
[2020.08.15-20.20.25:581][548]LogPlayLevel: PIE: StaticDuplicateObject took: (0.002483s)
[2020.08.15-20.20.25:583][548]LogAIModule: Creating AISystem for world Traffic
[2020.08.15-20.20.25:583][548]LogPlayLevel: PIE: World Init took: (0.001858s)
[2020.08.15-20.20.25:584][548]LogPlayLevel: PIE: Created PIE world by copying editor world from /Game/levels/Traffic.Traffic to /Game/levels/UEDPIE_0_Traffic.Traffic (0.005644s)
[2020.08.15-20.20.25:607][548]LogUObjectHash: Compacting FUObjectHashTables data took   1.62ms
[2020.08.15-20.20.25:621][548]LogInit: XAudio2 using 'Głośniki (Realtek High Definition Audio)' : 2 channels at 48 kHz using 32 bits per sample (channel mask 0x3)
[2020.08.15-20.20.25:649][548]LogInit: FAudioDevice initialized.
[2020.08.15-20.20.25:667][548]LogLoad: Game class is 'Sumteract_UE4GameModeBase'
[2020.08.15-20.20.25:668][548]LogWorld: Bringing World /Game/levels/UEDPIE_0_Traffic.Traffic up for play (max tick rate 0) at 2020.08.15-22.20.25
[2020.08.15-20.20.25:668][548]LogWorld: Bringing up level for play took: 0.000801
[2020.08.15-20.20.25:668][548]LogOnline: OSS: Creating online subsystem instance for: :Context_2
[2020.08.15-20.20.25:675][548]PIE: Play in editor start time for /Game/levels/UEDPIE_0_Traffic 0,711
[2020.08.15-20.20.25:676][548]LogBlueprintUserMessages: Late PlayInEditor Detection: Level '/Game/levels/Traffic.Traffic:PersistentLevel' has LevelScriptBlueprint '/Game/levels/Traffic.Traffic:PersistentLevel.Traffic' with GeneratedClass '/Game/levels/Traffic.Traffic_C' with ClassGeneratedBy '/Game/levels/Traffic.Traffic:PersistentLevel.Traffic'
[2020.08.15-20.20.31:212][125]LogBlueprintUserMessages: Early EndPlayMap Detection: Level '/Game/levels/Traffic.Traffic:PersistentLevel' has LevelScriptBlueprint '/Game/levels/Traffic.Traffic:PersistentLevel.Traffic' with GeneratedClass '/Game/levels/Traffic.Traffic_C' with ClassGeneratedBy '/Game/levels/Traffic.Traffic:PersistentLevel.Traffic'
[2020.08.15-20.20.31:212][125]LogSlate: Updating window title bar state: overlay mode, drag disabled, window buttons hidden, title bar hidden
[2020.08.15-20.20.31:212][125]LogWorld: BeginTearingDown for /Game/levels/UEDPIE_0_Traffic
[2020.08.15-20.20.31:212][125]LogWorld: UWorld::CleanupWorld for Traffic, bSessionEnded=true, bCleanupResources=true
[2020.08.15-20.20.31:228][125]LogPlayLevel: Display: Shutting down PIE online subsystems
[2020.08.15-20.20.31:229][125]LogBlueprintUserMessages: Late EndPlayMap Detection: Level '/Game/levels/Traffic.Traffic:PersistentLevel' has LevelScriptBlueprint '/Game/levels/Traffic.Traffic:PersistentLevel.Traffic' with GeneratedClass '/Game/levels/Traffic.Traffic_C' with ClassGeneratedBy '/Game/levels/Traffic.Traffic:PersistentLevel.Traffic'
[2020.08.15-20.20.31:267][125]LogSlate: Updating window title bar state: overlay mode, drag disabled, window buttons hidden, title bar hidden
[2020.08.15-20.20.31:269][125]LogUObjectHash: Compacting FUObjectHashTables data took   1.55ms
[2020.08.15-20.20.31:320][129]LogPlayLevel: Display: Destroying online subsystem :Context_2
[2020.08.15-20.20.33:048][296]Candidate modules for hot reload:
[2020.08.15-20.20.33:048][296]  Sumteract_UE4
[2020.08.15-20.20.33:048][296]Launching UnrealBuildTool... [D:/UE_4.23/Engine/Binaries/DotNET/UnrealBuildTool.exe  -ModuleWithSuffix=Sumteract_UE4,2186 Win64 Development -TargetType=Editor -Project="D:/simterac-ue4 task/simteract---ue4-task/Sumteract_UE4/Sumteract_UE4.uproject" "D:/simterac-ue4 task/simteract---ue4-task/Sumteract_UE4/Sumteract_UE4.uproject"  -IgnoreJunk]
[2020.08.15-20.20.33:059][296]Warning: Starting HotReload took  0.0s.
[2020.08.15-20.21.48:013][220]CompilerResultsLog: New page: Compilation - 16 sie 2020, 00:21:48
[2020.08.15-20.21.48:014][220]CompilerResultsLog: Using 'git status' to determine working set for adaptive non-unity build (D:\simterac-ue4 task\simteract---ue4-task).
[2020.08.15-20.21.48:014][220]CompilerResultsLog: Parsing headers for Sumteract_UE4Editor
[2020.08.15-20.21.48:014][220]CompilerResultsLog:   Running UnrealHeaderTool "D:\simterac-ue4 task\simteract---ue4-task\Sumteract_UE4\Sumteract_UE4.uproject" "D:\simterac-ue4 task\simteract---ue4-task\Sumteract_UE4\Intermediate\Build\Win64\Sumteract_UE4Editor\Development\Sumteract_UE4Editor.uhtmanifest" -LogCmds="loginit warning, logexit warning, logdatabase error" -Unattended -WarningsAsErrors -installed
[2020.08.15-20.21.48:014][220]CompilerResultsLog: Reflection code generated for Sumteract_UE4Editor in 7,7260205 seconds
[2020.08.15-20.21.48:014][220]CompilerResultsLog: Failed to delete file 'D:\simterac-ue4 task\simteract---ue4-task\Sumteract_UE4\Binaries\Win64\UE4Editor-Sumteract_UE4.pdb'
[2020.08.15-20.21.48:014][220]CompilerResultsLog:     Exception: Odmowa dost?pu do ?cie?ki "D:\simterac-ue4 task\simteract---ue4-task\Sumteract_UE4\Binaries\Win64\UE4Editor-Sumteract_UE4.pdb".
[2020.08.15-20.21.48:015][220]CompilerResultsLog: Attempting to retry...
[2020.08.15-20.21.48:015][220]CompilerResultsLog: Failed to delete file 'D:\simterac-ue4 task\simteract---ue4-task\Sumteract_UE4\Binaries\Win64\UE4Editor-Sumteract_UE4.pdb'
[2020.08.15-20.21.48:015][220]CompilerResultsLog:     Exception: Odmowa dost?pu do ?cie?ki "D:\simterac-ue4 task\simteract---ue4-task\Sumteract_UE4\Binaries\Win64\UE4Editor-Sumteract_UE4.pdb".
[2020.08.15-20.21.48:015][220]CompilerResultsLog: Attempting to retry...
[2020.08.15-20.21.48:015][220]CompilerResultsLog: Failed to delete file 'D:\simterac-ue4 task\simteract---ue4-task\Sumteract_UE4\Binaries\Win64\UE4Editor-Sumteract_UE4.pdb'
[2020.08.15-20.21.48:015][220]CompilerResultsLog:     Exception: Odmowa dost?pu do ?cie?ki "D:\simterac-ue4 task\simteract---ue4-task\Sumteract_UE4\Binaries\Win64\UE4Editor-Sumteract_UE4.pdb".
[2020.08.15-20.21.48:015][220]CompilerResultsLog: ERROR: Exhausted all retries!
[2020.08.15-20.21.48:015][220]CompilerResultsLog: Using Visual Studio 2017 14.16.27023 toolchain (D:\VisualStudio 2017\VC\Tools\MSVC\14.16.27023) and Windows 10.0.16299.0 SDK (C:\Program Files (x86)\Windows Kits\10).
[2020.08.15-20.21.48:015][220]CompilerResultsLog: Building 4 actions with 4 processes...
[2020.08.15-20.21.48:016][220]CompilerResultsLog:   [1/4] Sumteract_UE4GameModeBase.cpp
[2020.08.15-20.21.48:016][220]CompilerResultsLog:   [2/4] UE4Editor-Sumteract_UE4-2186.lib
[2020.08.15-20.21.48:016][220]CompilerResultsLog:      Creating library D:\simterac-ue4 task\simteract---ue4-task\Sumteract_UE4\Intermediate\Build\Win64\UE4Editor\Development\Sumteract_UE4\UE4Editor-Sumteract_UE4-2186.lib and object D:\simterac-ue4 task\simteract---ue4-task\Sumteract_UE4\Intermediate\Build\Win64\UE4Editor\Development\Sumteract_UE4\UE4Editor-Sumteract_UE4-2186.exp
[2020.08.15-20.21.48:016][220]CompilerResultsLog:   [3/4] UE4Editor-Sumteract_UE4-2186.dll
[2020.08.15-20.21.48:016][220]CompilerResultsLog:      Creating library D:\simterac-ue4 task\simteract---ue4-task\Sumteract_UE4\Intermediate\Build\Win64\UE4Editor\Development\Sumteract_UE4\UE4Editor-Sumteract_UE4-2186.suppressed.lib and object D:\simterac-ue4 task\simteract---ue4-task\Sumteract_UE4\Intermediate\Build\Win64\UE4Editor\Development\Sumteract_UE4\UE4Editor-Sumteract_UE4-2186.suppressed.exp
[2020.08.15-20.21.48:016][220]CompilerResultsLog:   [4/4] Sumteract_UE4Editor.target
[2020.08.15-20.21.48:016][220]CompilerResultsLog: Total time in Parallel executor: 62,13 seconds
[2020.08.15-20.21.48:016][220]CompilerResultsLog: Total execution time: 74,55 seconds
[2020.08.15-20.21.48:017][220]LogMainFrame: MainFrame: Module compiling took 74.973 seconds
[2020.08.15-20.21.48:040][220]LogUObjectHash: Compacting FUObjectHashTables data took   0.79ms
[2020.08.15-20.21.48:072][220]LogHotReload: Re-instancing Car after hot-reload.
[2020.08.15-20.21.48:185][220]LogContentBrowser: Native class hierarchy updated for 'Sumteract_UE4' in 0.0004 seconds. Added 2 classes and 2 folders.
[2020.08.15-20.21.48:188][220]Display: HotReload successful (0 functions remapped  0 scriptstructs remapped)
[2020.08.15-20.21.48:272][220]LogUObjectHash: Compacting FUObjectHashTables data took   1.34ms
[2020.08.15-20.21.48:287][220]LogContentBrowser: Native class hierarchy populated in 0.0088 seconds. Added 2866 classes and 684 folders.
[2020.08.15-20.21.48:293][220]Display: HotReload took 75.3s.
[2020.08.15-20.21.50:621][426]LogTemp: Repeating last play command: Selected Viewport
[2020.08.15-20.21.50:634][426]LogBlueprintUserMessages: Early PlayInEditor Detection: Level '/Game/levels/Traffic.Traffic:PersistentLevel' has LevelScriptBlueprint '/Game/levels/Traffic.Traffic:PersistentLevel.Traffic' with GeneratedClass '/Game/levels/Traffic.Traffic_C' with ClassGeneratedBy '/Game/levels/Traffic.Traffic:PersistentLevel.Traffic'
[2020.08.15-20.21.50:634][426]LogPlayLevel: PlayLevel: No blueprints needed recompiling
[2020.08.15-20.21.50:634][426]PIE: New page: PIE session: Traffic (16 sie 2020, 00:21:50)
[2020.08.15-20.21.50:635][426]LogPlayLevel: Creating play world package: /Game/levels/UEDPIE_0_Traffic
[2020.08.15-20.21.50:638][426]LogPlayLevel: PIE: StaticDuplicateObject took: (0.002743s)
[2020.08.15-20.21.50:639][426]LogAIModule: Creating AISystem for world Traffic
[2020.08.15-20.21.50:640][426]LogPlayLevel: PIE: World Init took: (0.001721s)
[2020.08.15-20.21.50:640][426]LogPlayLevel: PIE: Created PIE world by copying editor world from /Game/levels/Traffic.Traffic to /Game/levels/UEDPIE_0_Traffic.Traffic (0.005243s)
