Log file open, 08/15/20 22:13:04
LogWindows: Failed to load 'aqProf.dll' (GetLastError=126)
LogWindows: File 'aqProf.dll' does not exist
LogWindows: Failed to load 'VtuneApi.dll' (GetLastError=126)
LogWindows: File 'VtuneApi.dll' does not exist
LogWindows: Failed to load 'VtuneApi32e.dll' (GetLastError=126)
LogWindows: File 'VtuneApi32e.dll' does not exist
LogConsoleResponse: Display: Failed to find resolution value strings in scalability ini. Falling back to default.
LogInit: Display: Running engine for game: Sumteract_UE4
LogPlatformFile: Not using cached read wrapper
LogTaskGraph: Started task graph with 5 named threads and 14 total threads with 3 sets of task threads.
LogStats: Stats thread started at 0.678948
LogD3D11RHI: Loaded GFSDK_Aftermath_Lib.x64.dll
LogICUInternationalization: ICU TimeZone Detection - Raw Offset: +1:00, Platform Override: ''
LogPluginManager: Mounting plugin Paper2D
LogPluginManager: Mounting plugin AISupport
LogPluginManager: Mounting plugin LightPropagationVolume
LogPluginManager: Mounting plugin ActorLayerUtilities
LogPluginManager: Mounting plugin AnimationSharing
LogPluginManager: Mounting plugin CLionSourceCodeAccess
LogPluginManager: Mounting plugin CodeLiteSourceCodeAccess
LogPluginManager: Mounting plugin GitSourceControl
LogPluginManager: Mounting plugin KDevelopSourceCodeAccess
LogPluginManager: Mounting plugin NullSourceCodeAccess
LogPluginManager: Mounting plugin PerforceSourceControl
LogPluginManager: Mounting plugin SubversionSourceControl
LogPluginManager: Mounting plugin UObjectPlugin
LogPluginManager: Mounting plugin VisualStudioCodeSourceCodeAccess
LogPluginManager: Mounting plugin VisualStudioSourceCodeAccess
LogPluginManager: Mounting plugin XCodeSourceCodeAccess
LogPluginManager: Mounting plugin AssetManagerEditor
LogPluginManager: Mounting plugin CryptoKeys
LogPluginManager: Mounting plugin CurveEditorTools
LogPluginManager: Mounting plugin DataValidation
LogPluginManager: Mounting plugin FacialAnimation
LogPluginManager: Mounting plugin GameplayTagsEditor
LogPluginManager: Mounting plugin MacGraphicsSwitching
LogPluginManager: Mounting plugin MaterialAnalyzer
LogPluginManager: Mounting plugin MobileLauncherProfileWizard
LogPluginManager: Mounting plugin PluginBrowser
LogPluginManager: Mounting plugin SpeedTreeImporter
LogPluginManager: Mounting plugin DatasmithContent
LogPluginManager: Mounting plugin VariantManagerContent
LogPluginManager: Mounting plugin AlembicImporter
LogPluginManager: Mounting plugin AutomationUtils
LogPluginManager: Mounting plugin BackChannel
LogPluginManager: Mounting plugin CharacterAI
LogPluginManager: Mounting plugin GeometryCache
LogPluginManager: Mounting plugin HTML5Networking
LogPluginManager: Mounting plugin PlatformCrypto
LogPluginManager: Mounting plugin ProxyLODPlugin
LogPluginManager: Mounting plugin SkeletalReduction
LogPluginManager: Mounting plugin MagicLeap
LogPluginManager: Mounting plugin MagicLeapMedia
LogPluginManager: Mounting plugin AndroidMedia
LogPluginManager: Mounting plugin AvfMedia
LogPluginManager: Mounting plugin ImgMedia
LogPluginManager: Mounting plugin MediaCompositing
LogPluginManager: Mounting plugin MediaPlayerEditor
LogPluginManager: Mounting plugin WebMMedia
LogPluginManager: Mounting plugin WmfMedia
LogPluginManager: Mounting plugin TcpMessaging
LogPluginManager: Mounting plugin UdpMessaging
LogPluginManager: Mounting plugin ActorSequence
LogPluginManager: Mounting plugin LevelSequenceEditor
LogPluginManager: Mounting plugin MatineeToLevelSequence
LogPluginManager: Mounting plugin NetcodeUnitTest
LogPluginManager: Mounting plugin NUTUnrealEngine4
LogPluginManager: Mounting plugin OnlineSubsystemGooglePlay
LogPluginManager: Mounting plugin OnlineSubsystemIOS
LogPluginManager: Mounting plugin OnlineSubsystem
LogPluginManager: Mounting plugin OnlineSubsystemNull
LogPluginManager: Mounting plugin OnlineSubsystemUtils
LogPluginManager: Mounting plugin LauncherChunkInstaller
LogPluginManager: Mounting plugin AndroidDeviceProfileSelector
LogPluginManager: Mounting plugin AndroidMoviePlayer
LogPluginManager: Mounting plugin AndroidPermission
LogPluginManager: Mounting plugin AppleImageUtils
LogPluginManager: Mounting plugin AppleMoviePlayer
LogPluginManager: Mounting plugin ArchVisCharacter
LogPluginManager: Mounting plugin AudioCapture
LogPluginManager: Mounting plugin CableComponent
LogPluginManager: Mounting plugin CustomMeshComponent
LogPluginManager: Mounting plugin EditableMesh
LogPluginManager: Mounting plugin ExampleDeviceProfileSelector
LogPluginManager: Mounting plugin GoogleCloudMessaging
LogPluginManager: Mounting plugin IOSDeviceProfileSelector
LogPluginManager: Mounting plugin LinuxDeviceProfileSelector
LogPluginManager: Mounting plugin LocationServicesBPLibrary
LogPluginManager: Mounting plugin MobilePatchingUtils
LogPluginManager: Mounting plugin OculusVR
LogPluginManager: Mounting plugin PhysXVehicles
LogPluginManager: Mounting plugin ProceduralMeshComponent
LogPluginManager: Mounting plugin RuntimePhysXCooking
LogPluginManager: Mounting plugin SignificanceManager
LogPluginManager: Mounting plugin SteamVR
LogPluginManager: Mounting plugin WebMMoviePlayer
LogPluginManager: Mounting plugin WindowsMoviePlayer
LogPluginManager: Mounting plugin ScreenshotTools
LogInit: Using libcurl 7.55.1-DEV
LogInit:  - built for x86_64-pc-win32
LogInit:  - supports SSL with OpenSSL/1.1.1
LogInit:  - supports HTTP deflate (compression) using libz 1.2.8
LogInit:  - other features:
LogInit:      CURL_VERSION_SSL
LogInit:      CURL_VERSION_LIBZ
LogInit:      CURL_VERSION_IPV6
LogInit:      CURL_VERSION_ASYNCHDNS
LogInit:      CURL_VERSION_LARGEFILE
LogInit:      CURL_VERSION_IDN
LogInit:  CurlRequestOptions (configurable via config and command line):
LogInit:  - bVerifyPeer = true  - Libcurl will verify peer certificate
LogInit:  - bUseHttpProxy = false  - Libcurl will NOT use HTTP proxy
LogInit:  - bDontReuseConnections = false  - Libcurl will reuse connections
LogInit:  - MaxHostConnections = 16  - Libcurl will limit the number of connections to a host
LogInit:  - LocalHostAddr = Default
LogInit:  - BufferSize = 65536
LogOnline: OSS: Creating online subsystem instance for: NULL
LogInit: WinSock: version 1.1 (2.2), MaxSocks=32767, MaxUdp=65467
LogInit: Build: ++UE4+Release-4.23-CL-8386587
LogInit: Engine Version: 4.23.0-8386587+++UE4+Release-4.23
LogInit: Compatible Engine Version: 4.23.0-8386587+++UE4+Release-4.23
LogInit: Net CL: 8386587
LogInit: OS: Windows 10 (Release 1909) (), CPU: Intel(R) Core(TM) i5-7300HQ CPU @ 2.50GHz, GPU: Intel(R) HD Graphics 630
LogInit: Compiled (64-bit): Aug 31 2019 02:04:44
LogInit: Compiled with Visual C++: 19.16.27030.01
LogInit: Build Configuration: Development
LogInit: Branch Name: ++UE4+Release-4.23
LogInit: Command Line:  -skipcompile
LogInit: Base Directory: D:/UE_4.23/Engine/Binaries/Win64/
LogInit: Installed Engine Build: 1
LogDevObjectVersion: Number of dev versions registered: 23
LogDevObjectVersion:   Dev-Blueprints (B0D832E4-1F89-4F0D-ACCF-7EB736FD4AA2): 10
LogDevObjectVersion:   Dev-Build (E1C64328-A22C-4D53-A36C-8E866417BD8C): 0
LogDevObjectVersion:   Dev-Core (375EC13C-06E4-48FB-B500-84F0262A717E): 3
LogDevObjectVersion:   Dev-Editor (E4B068ED-F494-42E9-A231-DA0B2E46BB41): 34
LogDevObjectVersion:   Dev-Framework (CFFC743F-43B0-4480-9391-14DF171D2073): 35
LogDevObjectVersion:   Dev-Mobile (B02B49B5-BB20-44E9-A304-32B752E40360): 2
LogDevObjectVersion:   Dev-Networking (A4E4105C-59A1-49B5-A7C5-40C4547EDFEE): 0
LogDevObjectVersion:   Dev-Online (39C831C9-5AE6-47DC-9A44-9C173E1C8E7C): 0
LogDevObjectVersion:   Dev-Physics (78F01B33-EBEA-4F98-B9B4-84EACCB95AA2): 0
LogDevObjectVersion:   Dev-Platform (6631380F-2D4D-43E0-8009-CF276956A95A): 0
LogDevObjectVersion:   Dev-Rendering (12F88B9F-8875-4AFC-A67C-D90C383ABD29): 31
LogDevObjectVersion:   Dev-Sequencer (7B5AE74C-D270-4C10-A958-57980B212A5A): 11
LogDevObjectVersion:   Dev-VR (D7296918-1DD6-4BDD-9DE2-64A83CC13884): 2
LogDevObjectVersion:   Dev-LoadTimes (C2A15278-BFE7-4AFE-6C17-90FF531DF755): 1
LogDevObjectVersion:   Private-Geometry (6EACA3D4-40EC-4CC1-B786-8BED09428FC5): 3
LogDevObjectVersion:   Dev-AnimPhys (29E575DD-E0A3-4627-9D10-D276232CDCEA): 17
LogDevObjectVersion:   Dev-Anim (AF43A65D-7FD3-4947-9873-3E8ED9C1BB05): 2
LogDevObjectVersion:   Dev-ReflectionCapture (6B266CEC-1EC7-4B8F-A30B-E4D90942FC07): 1
LogDevObjectVersion:   Dev-Automation (0DF73D61-A23F-47EA-B727-89E90C41499A): 1
LogDevObjectVersion:   FortniteMain (601D1886-AC64-4F84-AA16-D3DE0DEAC7D6): 27
LogDevObjectVersion:   Dev-Enterprise (9DFFBCD6-494F-0158-E221-12823C92A888): 6
LogDevObjectVersion:   Dev-Niagara (F2AED0AC-9AFE-416F-8664-AA7FFA26D6FC): 1
LogDevObjectVersion:   Dev-Destruction (174F1F0B-B4C6-45A5-B13F-2EE8D0FB917D): 9
LogInit: Presizing for max 16777216 objects, including 0 objects not considered by GC, pre-allocating 0 bytes for permanent pool.
LogInit: Object subsystem initialized
LogConfig: Setting CVar [[con.DebugEarlyDefault:1]]
LogConfig: Setting CVar [[r.setres:1280x720]]
[2020.08.15-20.13.05:242][  0]LogConfig: Setting CVar [[r.VSync:0]]
[2020.08.15-20.13.05:242][  0]LogConfig: Setting CVar [[r.RHICmdBypass:0]]
[2020.08.15-20.13.05:243][  0]LogConfig: Applying CVar settings from Section [/Script/Engine.RendererSettings] File [D:/simterac-ue4 task/simteract---ue4-task/Sumteract_UE4/Saved/Config/Windows/Engine.ini]
[2020.08.15-20.13.05:243][  0]LogConfig: Setting CVar [[r.GPUCrashDebugging:0]]
[2020.08.15-20.13.05:243][  0]LogConfig: Setting CVar [[r.DefaultFeature.AutoExposure.ExtendDefaultLuminanceRange:1]]
[2020.08.15-20.13.05:243][  0]LogConfig: Applying CVar settings from Section [/Script/Engine.RendererOverrideSettings] File [D:/simterac-ue4 task/simteract---ue4-task/Sumteract_UE4/Saved/Config/Windows/Engine.ini]
[2020.08.15-20.13.05:243][  0]LogConfig: Applying CVar settings from Section [/Script/Engine.StreamingSettings] File [D:/simterac-ue4 task/simteract---ue4-task/Sumteract_UE4/Saved/Config/Windows/Engine.ini]
[2020.08.15-20.13.05:243][  0]LogConfig: Setting CVar [[s.MinBulkDataSizeForAsyncLoading:131072]]
[2020.08.15-20.13.05:243][  0]LogConfig: Setting CVar [[s.AsyncLoadingThreadEnabled:0]]
[2020.08.15-20.13.05:243][  0]LogConfig: Setting CVar [[s.EventDrivenLoaderEnabled:1]]
[2020.08.15-20.13.05:243][  0]LogConfig: Setting CVar [[s.WarnIfTimeLimitExceeded:0]]
[2020.08.15-20.13.05:243][  0]LogConfig: Setting CVar [[s.TimeLimitExceededMultiplier:1.5]]
[2020.08.15-20.13.05:243][  0]LogConfig: Setting CVar [[s.TimeLimitExceededMinTime:0.005]]
[2020.08.15-20.13.05:244][  0]LogConfig: Setting CVar [[s.UseBackgroundLevelStreaming:1]]
[2020.08.15-20.13.05:244][  0]LogConfig: Setting CVar [[s.PriorityAsyncLoadingExtraTime:15.0]]
[2020.08.15-20.13.05:244][  0]LogConfig: Setting CVar [[s.LevelStreamingActorsUpdateTimeLimit:5.0]]
[2020.08.15-20.13.05:244][  0]LogConfig: Setting CVar [[s.PriorityLevelStreamingActorsUpdateExtraTime:5.0]]
[2020.08.15-20.13.05:244][  0]LogConfig: Setting CVar [[s.LevelStreamingComponentsRegistrationGranularity:10]]
[2020.08.15-20.13.05:244][  0]LogConfig: Setting CVar [[s.UnregisterComponentsTimeLimit:1.0]]
[2020.08.15-20.13.05:244][  0]LogConfig: Setting CVar [[s.LevelStreamingComponentsUnregistrationGranularity:5]]
[2020.08.15-20.13.05:244][  0]LogConfig: Applying CVar settings from Section [/Script/Engine.GarbageCollectionSettings] File [D:/simterac-ue4 task/simteract---ue4-task/Sumteract_UE4/Saved/Config/Windows/Engine.ini]
[2020.08.15-20.13.05:244][  0]LogConfig: Setting CVar [[gc.MaxObjectsNotConsideredByGC:1]]
[2020.08.15-20.13.05:244][  0]LogConfig: Setting CVar [[gc.SizeOfPermanentObjectPool:0]]
[2020.08.15-20.13.05:244][  0]LogConfig: Setting CVar [[gc.FlushStreamingOnGC:0]]
[2020.08.15-20.13.05:244][  0]LogConfig: Setting CVar [[gc.NumRetriesBeforeForcingGC:10]]
[2020.08.15-20.13.05:244][  0]LogConfig: Setting CVar [[gc.AllowParallelGC:1]]
[2020.08.15-20.13.05:244][  0]LogConfig: Setting CVar [[gc.TimeBetweenPurgingPendingKillObjects:61.1]]
[2020.08.15-20.13.05:244][  0]LogConfig: Setting CVar [[gc.MaxObjectsInEditor:16777216]]
[2020.08.15-20.13.05:244][  0]LogConfig: Setting CVar [[gc.IncrementalBeginDestroyEnabled:1]]
[2020.08.15-20.13.05:245][  0]LogConfig: Setting CVar [[gc.CreateGCClusters:1]]
[2020.08.15-20.13.05:245][  0]LogConfig: Setting CVar [[gc.MinGCClusterSize:5]]
[2020.08.15-20.13.05:245][  0]LogConfig: Setting CVar [[gc.ActorClusteringEnabled:0]]
[2020.08.15-20.13.05:245][  0]LogConfig: Setting CVar [[gc.BlueprintClusteringEnabled:0]]
[2020.08.15-20.13.05:245][  0]LogConfig: Setting CVar [[gc.UseDisregardForGCOnDedicatedServers:0]]
[2020.08.15-20.13.05:245][  0]LogConfig: Applying CVar settings from Section [/Script/Engine.NetworkSettings] File [D:/simterac-ue4 task/simteract---ue4-task/Sumteract_UE4/Saved/Config/Windows/Engine.ini]
[2020.08.15-20.13.05:245][  0]LogConfig: Applying CVar settings from Section [/Script/UnrealEd.CookerSettings] File [D:/simterac-ue4 task/simteract---ue4-task/Sumteract_UE4/Saved/Config/Windows/Engine.ini]
[2020.08.15-20.13.05:253][  0]LogConfig: Applying CVar settings from Section [ViewDistanceQuality@3] File [D:/simterac-ue4 task/simteract---ue4-task/Sumteract_UE4/Saved/Config/Windows/Scalability.ini]
[2020.08.15-20.13.05:253][  0]LogConfig: Setting CVar [[r.SkeletalMeshLODBias:0]]
[2020.08.15-20.13.05:253][  0]LogConfig: Setting CVar [[r.ViewDistanceScale:1.0]]
[2020.08.15-20.13.05:253][  0]LogConfig: Applying CVar settings from Section [AntiAliasingQuality@3] File [D:/simterac-ue4 task/simteract---ue4-task/Sumteract_UE4/Saved/Config/Windows/Scalability.ini]
[2020.08.15-20.13.05:253][  0]LogConfig: Setting CVar [[r.PostProcessAAQuality:4]]
[2020.08.15-20.13.05:254][  0]LogConfig: Applying CVar settings from Section [ShadowQuality@3] File [D:/simterac-ue4 task/simteract---ue4-task/Sumteract_UE4/Saved/Config/Windows/Scalability.ini]
[2020.08.15-20.13.05:254][  0]LogConfig: Setting CVar [[r.LightFunctionQuality:1]]
[2020.08.15-20.13.05:254][  0]LogConfig: Setting CVar [[r.ShadowQuality:5]]
[2020.08.15-20.13.05:254][  0]LogConfig: Setting CVar [[r.Shadow.CSM.MaxCascades:10]]
[2020.08.15-20.13.05:254][  0]LogConfig: Setting CVar [[r.Shadow.MaxResolution:2048]]
[2020.08.15-20.13.05:255][  0]LogConfig: Setting CVar [[r.Shadow.MaxCSMResolution:2048]]
[2020.08.15-20.13.05:255][  0]LogConfig: Setting CVar [[r.Shadow.RadiusThreshold:0.01]]
[2020.08.15-20.13.05:255][  0]LogConfig: Setting CVar [[r.Shadow.DistanceScale:1.0]]
[2020.08.15-20.13.05:255][  0]LogConfig: Setting CVar [[r.Shadow.CSM.TransitionScale:1.0]]
[2020.08.15-20.13.05:255][  0]LogConfig: Setting CVar [[r.Shadow.PreShadowResolutionFactor:1.0]]
[2020.08.15-20.13.05:255][  0]LogConfig: Setting CVar [[r.DistanceFieldShadowing:1]]
[2020.08.15-20.13.05:255][  0]LogConfig: Setting CVar [[r.DistanceFieldAO:1]]
[2020.08.15-20.13.05:255][  0]LogConfig: Setting CVar [[r.AOQuality:2]]
[2020.08.15-20.13.05:255][  0]LogConfig: Setting CVar [[r.VolumetricFog:1]]
[2020.08.15-20.13.05:255][  0]LogConfig: Setting CVar [[r.VolumetricFog.GridPixelSize:8]]
[2020.08.15-20.13.05:255][  0]LogConfig: Setting CVar [[r.VolumetricFog.GridSizeZ:128]]
[2020.08.15-20.13.05:255][  0]LogConfig: Setting CVar [[r.VolumetricFog.HistoryMissSupersampleCount:4]]
[2020.08.15-20.13.05:255][  0]LogConfig: Setting CVar [[r.LightMaxDrawDistanceScale:1]]
[2020.08.15-20.13.05:255][  0]LogConfig: Setting CVar [[r.CapsuleShadows:1]]
[2020.08.15-20.13.05:256][  0]LogConfig: Applying CVar settings from Section [PostProcessQuality@3] File [D:/simterac-ue4 task/simteract---ue4-task/Sumteract_UE4/Saved/Config/Windows/Scalability.ini]
[2020.08.15-20.13.05:256][  0]LogConfig: Setting CVar [[r.MotionBlurQuality:4]]
[2020.08.15-20.13.05:256][  0]LogConfig: Setting CVar [[r.AmbientOcclusionMipLevelFactor:0.4]]
[2020.08.15-20.13.05:256][  0]LogConfig: Setting CVar [[r.AmbientOcclusionMaxQuality:100]]
[2020.08.15-20.13.05:257][  0]LogConfig: Setting CVar [[r.AmbientOcclusionLevels:-1]]
[2020.08.15-20.13.05:258][  0]LogConfig: Setting CVar [[r.AmbientOcclusionRadiusScale:1.0]]
[2020.08.15-20.13.05:258][  0]LogConfig: Setting CVar [[r.DepthOfFieldQuality:2]]
[2020.08.15-20.13.05:258][  0]LogConfig: Setting CVar [[r.RenderTargetPoolMin:400]]
[2020.08.15-20.13.05:258][  0]LogConfig: Setting CVar [[r.LensFlareQuality:2]]
[2020.08.15-20.13.05:259][  0]LogConfig: Setting CVar [[r.SceneColorFringeQuality:1]]
[2020.08.15-20.13.05:259][  0]LogConfig: Setting CVar [[r.EyeAdaptationQuality:2]]
[2020.08.15-20.13.05:259][  0]LogConfig: Setting CVar [[r.BloomQuality:5]]
[2020.08.15-20.13.05:259][  0]LogConfig: Setting CVar [[r.FastBlurThreshold:100]]
[2020.08.15-20.13.05:259][  0]LogConfig: Setting CVar [[r.Upscale.Quality:3]]
[2020.08.15-20.13.05:259][  0]LogConfig: Setting CVar [[r.Tonemapper.GrainQuantization:1]]
[2020.08.15-20.13.05:259][  0]LogConfig: Setting CVar [[r.LightShaftQuality:1]]
[2020.08.15-20.13.05:260][  0]LogConfig: Setting CVar [[r.Filter.SizeScale:1]]
[2020.08.15-20.13.05:260][  0]LogConfig: Setting CVar [[r.Tonemapper.Quality:5]]
[2020.08.15-20.13.05:260][  0]LogConfig: Setting CVar [[r.DOF.Gather.AccumulatorQuality:1        ; higher gathering accumulator quality]]
[2020.08.15-20.13.05:260][  0]LogConfig: Setting CVar [[r.DOF.Gather.PostfilterMethod:1          ; Median3x3 postfilering method]]
[2020.08.15-20.13.05:260][  0]LogConfig: Setting CVar [[r.DOF.Gather.EnableBokehSettings:0       ; no bokeh simulation when gathering]]
[2020.08.15-20.13.05:260][  0]LogConfig: Setting CVar [[r.DOF.Gather.RingCount:4                 ; medium number of samples when gathering]]
[2020.08.15-20.13.05:260][  0]LogConfig: Setting CVar [[r.DOF.Scatter.ForegroundCompositing:1    ; additive foreground scattering]]
[2020.08.15-20.13.05:260][  0]LogConfig: Setting CVar [[r.DOF.Scatter.BackgroundCompositing:2    ; additive background scattering]]
[2020.08.15-20.13.05:260][  0]LogConfig: Setting CVar [[r.DOF.Scatter.EnableBokehSettings:1      ; bokeh simulation when scattering]]
[2020.08.15-20.13.05:260][  0]LogConfig: Setting CVar [[r.DOF.Scatter.MaxSpriteRatio:0.1         ; only a maximum of 10% of scattered bokeh]]
[2020.08.15-20.13.05:260][  0]LogConfig: Setting CVar [[r.DOF.Recombine.Quality:1                ; cheap slight out of focus]]
[2020.08.15-20.13.05:260][  0]LogConfig: Setting CVar [[r.DOF.Recombine.EnableBokehSettings:0    ; no bokeh simulation on slight out of focus]]
[2020.08.15-20.13.05:260][  0]LogConfig: Setting CVar [[r.DOF.TemporalAAQuality:1                ; more stable temporal accumulation]]
[2020.08.15-20.13.05:260][  0]LogConfig: Setting CVar [[r.DOF.Kernel.MaxForegroundRadius:0.025]]
[2020.08.15-20.13.05:260][  0]LogConfig: Setting CVar [[r.DOF.Kernel.MaxBackgroundRadius:0.025]]
[2020.08.15-20.13.05:260][  0]LogConfig: Applying CVar settings from Section [TextureQuality@3] File [D:/simterac-ue4 task/simteract---ue4-task/Sumteract_UE4/Saved/Config/Windows/Scalability.ini]
[2020.08.15-20.13.05:260][  0]LogConfig: Setting CVar [[r.Streaming.MipBias:0]]
[2020.08.15-20.13.05:260][  0]LogConfig: Setting CVar [[r.Streaming.AmortizeCPUToGPUCopy:0]]
[2020.08.15-20.13.05:260][  0]LogConfig: Setting CVar [[r.Streaming.MaxNumTexturesToStreamPerFrame:0]]
[2020.08.15-20.13.05:260][  0]LogConfig: Setting CVar [[r.Streaming.Boost:1]]
[2020.08.15-20.13.05:260][  0]LogConfig: Setting CVar [[r.MaxAnisotropy:8]]
[2020.08.15-20.13.05:261][  0]LogConfig: Setting CVar [[r.Streaming.LimitPoolSizeToVRAM:0]]
[2020.08.15-20.13.05:261][  0]LogConfig: Setting CVar [[r.Streaming.PoolSize:1000]]
[2020.08.15-20.13.05:261][  0]LogConfig: Setting CVar [[r.Streaming.MaxEffectiveScreenSize:0]]
[2020.08.15-20.13.05:261][  0]LogConfig: Applying CVar settings from Section [EffectsQuality@3] File [D:/simterac-ue4 task/simteract---ue4-task/Sumteract_UE4/Saved/Config/Windows/Scalability.ini]
[2020.08.15-20.13.05:261][  0]LogConfig: Setting CVar [[r.TranslucencyLightingVolumeDim:64]]
[2020.08.15-20.13.05:261][  0]LogConfig: Setting CVar [[r.RefractionQuality:2]]
[2020.08.15-20.13.05:261][  0]LogConfig: Setting CVar [[r.SSR.Quality:3]]
[2020.08.15-20.13.05:261][  0]LogConfig: Setting CVar [[r.SceneColorFormat:4]]
[2020.08.15-20.13.05:261][  0]LogConfig: Setting CVar [[r.DetailMode:2]]
[2020.08.15-20.13.05:261][  0]LogConfig: Setting CVar [[r.TranslucencyVolumeBlur:1]]
[2020.08.15-20.13.05:261][  0]LogConfig: Setting CVar [[r.MaterialQualityLevel:1 ; High quality]]
[2020.08.15-20.13.05:261][  0]LogConfig: Setting CVar [[r.SSS.Scale:1]]
[2020.08.15-20.13.05:261][  0]LogConfig: Setting CVar [[r.SSS.SampleSet:2]]
[2020.08.15-20.13.05:261][  0]LogConfig: Setting CVar [[r.SSS.Quality:1]]
[2020.08.15-20.13.05:262][  0]LogConfig: Setting CVar [[r.SSS.HalfRes:1]]
[2020.08.15-20.13.05:262][  0]LogConfig: Setting CVar [[r.EmitterSpawnRateScale:1.0]]
[2020.08.15-20.13.05:262][  0]LogConfig: Setting CVar [[r.ParticleLightQuality:2]]
[2020.08.15-20.13.05:262][  0]LogConfig: Applying CVar settings from Section [FoliageQuality@3] File [D:/simterac-ue4 task/simteract---ue4-task/Sumteract_UE4/Saved/Config/Windows/Scalability.ini]
[2020.08.15-20.13.05:262][  0]LogConfig: Setting CVar [[foliage.DensityScale:1.0]]
[2020.08.15-20.13.05:262][  0]LogConfig: Setting CVar [[grass.DensityScale:1.0]]
[2020.08.15-20.13.05:262][  0]LogInit: Selected Device Profile: [Windows]
[2020.08.15-20.13.05:262][  0]LogInit: Applying CVar settings loaded from the selected device profile: [Windows]
[2020.08.15-20.13.05:266][  0]LogHAL: Display: Platform has ~ 8 GB [8459030528 / 8589934592 / 8], which maps to Default [LargestMinGB=32, LargerMinGB=12, DefaultMinGB=8, SmallerMinGB=6, SmallestMinGB=0)
[2020.08.15-20.13.05:266][  0]LogInit: Going up to parent DeviceProfile []
[2020.08.15-20.13.05:266][  0]LogConfig: Applying CVar settings from Section [ViewDistanceQuality@3] File [D:/simterac-ue4 task/simteract---ue4-task/Sumteract_UE4/Saved/Config/Windows/Scalability.ini]
[2020.08.15-20.13.05:266][  0]LogConfig: Setting CVar [[r.SkeletalMeshLODBias:0]]
[2020.08.15-20.13.05:266][  0]LogConfig: Setting CVar [[r.ViewDistanceScale:1.0]]
[2020.08.15-20.13.05:266][  0]LogConfig: Applying CVar settings from Section [AntiAliasingQuality@3] File [D:/simterac-ue4 task/simteract---ue4-task/Sumteract_UE4/Saved/Config/Windows/Scalability.ini]
[2020.08.15-20.13.05:267][  0]LogConfig: Setting CVar [[r.PostProcessAAQuality:4]]
[2020.08.15-20.13.05:267][  0]LogConfig: Applying CVar settings from Section [ShadowQuality@3] File [D:/simterac-ue4 task/simteract---ue4-task/Sumteract_UE4/Saved/Config/Windows/Scalability.ini]
[2020.08.15-20.13.05:267][  0]LogConfig: Setting CVar [[r.LightFunctionQuality:1]]
[2020.08.15-20.13.05:267][  0]LogConfig: Setting CVar [[r.ShadowQuality:5]]
[2020.08.15-20.13.05:267][  0]LogConfig: Setting CVar [[r.Shadow.CSM.MaxCascades:10]]
[2020.08.15-20.13.05:267][  0]LogConfig: Setting CVar [[r.Shadow.MaxResolution:2048]]
[2020.08.15-20.13.05:267][  0]LogConfig: Setting CVar [[r.Shadow.MaxCSMResolution:2048]]
[2020.08.15-20.13.05:267][  0]LogConfig: Setting CVar [[r.Shadow.RadiusThreshold:0.01]]
[2020.08.15-20.13.05:267][  0]LogConfig: Setting CVar [[r.Shadow.DistanceScale:1.0]]
[2020.08.15-20.13.05:267][  0]LogConfig: Setting CVar [[r.Shadow.CSM.TransitionScale:1.0]]
[2020.08.15-20.13.05:267][  0]LogConfig: Setting CVar [[r.Shadow.PreShadowResolutionFactor:1.0]]
[2020.08.15-20.13.05:268][  0]LogConfig: Setting CVar [[r.DistanceFieldShadowing:1]]
[2020.08.15-20.13.05:268][  0]LogConfig: Setting CVar [[r.DistanceFieldAO:1]]
[2020.08.15-20.13.05:268][  0]LogConfig: Setting CVar [[r.AOQuality:2]]
[2020.08.15-20.13.05:268][  0]LogConfig: Setting CVar [[r.VolumetricFog:1]]
[2020.08.15-20.13.05:268][  0]LogConfig: Setting CVar [[r.VolumetricFog.GridPixelSize:8]]
[2020.08.15-20.13.05:268][  0]LogConfig: Setting CVar [[r.VolumetricFog.GridSizeZ:128]]
[2020.08.15-20.13.05:268][  0]LogConfig: Setting CVar [[r.VolumetricFog.HistoryMissSupersampleCount:4]]
[2020.08.15-20.13.05:268][  0]LogConfig: Setting CVar [[r.LightMaxDrawDistanceScale:1]]
[2020.08.15-20.13.05:268][  0]LogConfig: Setting CVar [[r.CapsuleShadows:1]]
[2020.08.15-20.13.05:268][  0]LogConfig: Applying CVar settings from Section [PostProcessQuality@3] File [D:/simterac-ue4 task/simteract---ue4-task/Sumteract_UE4/Saved/Config/Windows/Scalability.ini]
[2020.08.15-20.13.05:268][  0]LogConfig: Setting CVar [[r.MotionBlurQuality:4]]
[2020.08.15-20.13.05:268][  0]LogConfig: Setting CVar [[r.AmbientOcclusionMipLevelFactor:0.4]]
[2020.08.15-20.13.05:268][  0]LogConfig: Setting CVar [[r.AmbientOcclusionMaxQuality:100]]
[2020.08.15-20.13.05:268][  0]LogConfig: Setting CVar [[r.AmbientOcclusionLevels:-1]]
[2020.08.15-20.13.05:268][  0]LogConfig: Setting CVar [[r.AmbientOcclusionRadiusScale:1.0]]
[2020.08.15-20.13.05:268][  0]LogConfig: Setting CVar [[r.DepthOfFieldQuality:2]]
[2020.08.15-20.13.05:269][  0]LogConfig: Setting CVar [[r.RenderTargetPoolMin:400]]
[2020.08.15-20.13.05:269][  0]LogConfig: Setting CVar [[r.LensFlareQuality:2]]
[2020.08.15-20.13.05:270][  0]LogConfig: Setting CVar [[r.SceneColorFringeQuality:1]]
[2020.08.15-20.13.05:270][  0]LogConfig: Setting CVar [[r.EyeAdaptationQuality:2]]
[2020.08.15-20.13.05:270][  0]LogConfig: Setting CVar [[r.BloomQuality:5]]
[2020.08.15-20.13.05:270][  0]LogConfig: Setting CVar [[r.FastBlurThreshold:100]]
[2020.08.15-20.13.05:270][  0]LogConfig: Setting CVar [[r.Upscale.Quality:3]]
[2020.08.15-20.13.05:270][  0]LogConfig: Setting CVar [[r.Tonemapper.GrainQuantization:1]]
[2020.08.15-20.13.05:270][  0]LogConfig: Setting CVar [[r.LightShaftQuality:1]]
[2020.08.15-20.13.05:270][  0]LogConfig: Setting CVar [[r.Filter.SizeScale:1]]
[2020.08.15-20.13.05:270][  0]LogConfig: Setting CVar [[r.Tonemapper.Quality:5]]
[2020.08.15-20.13.05:270][  0]LogConfig: Setting CVar [[r.DOF.Gather.AccumulatorQuality:1        ; higher gathering accumulator quality]]
[2020.08.15-20.13.05:270][  0]LogConfig: Setting CVar [[r.DOF.Gather.PostfilterMethod:1          ; Median3x3 postfilering method]]
[2020.08.15-20.13.05:270][  0]LogConfig: Setting CVar [[r.DOF.Gather.EnableBokehSettings:0       ; no bokeh simulation when gathering]]
[2020.08.15-20.13.05:270][  0]LogConfig: Setting CVar [[r.DOF.Gather.RingCount:4                 ; medium number of samples when gathering]]
[2020.08.15-20.13.05:271][  0]LogConfig: Setting CVar [[r.DOF.Scatter.ForegroundCompositing:1    ; additive foreground scattering]]
[2020.08.15-20.13.05:271][  0]LogConfig: Setting CVar [[r.DOF.Scatter.BackgroundCompositing:2    ; additive background scattering]]
[2020.08.15-20.13.05:271][  0]LogConfig: Setting CVar [[r.DOF.Scatter.EnableBokehSettings:1      ; bokeh simulation when scattering]]
[2020.08.15-20.13.05:271][  0]LogConfig: Setting CVar [[r.DOF.Scatter.MaxSpriteRatio:0.1         ; only a maximum of 10% of scattered bokeh]]
[2020.08.15-20.13.05:271][  0]LogConfig: Setting CVar [[r.DOF.Recombine.Quality:1                ; cheap slight out of focus]]
[2020.08.15-20.13.05:271][  0]LogConfig: Setting CVar [[r.DOF.Recombine.EnableBokehSettings:0    ; no bokeh simulation on slight out of focus]]
[2020.08.15-20.13.05:271][  0]LogConfig: Setting CVar [[r.DOF.TemporalAAQuality:1                ; more stable temporal accumulation]]
[2020.08.15-20.13.05:271][  0]LogConfig: Setting CVar [[r.DOF.Kernel.MaxForegroundRadius:0.025]]
[2020.08.15-20.13.05:271][  0]LogConfig: Setting CVar [[r.DOF.Kernel.MaxBackgroundRadius:0.025]]
[2020.08.15-20.13.05:271][  0]LogConfig: Applying CVar settings from Section [TextureQuality@3] File [D:/simterac-ue4 task/simteract---ue4-task/Sumteract_UE4/Saved/Config/Windows/Scalability.ini]
[2020.08.15-20.13.05:271][  0]LogConfig: Setting CVar [[r.Streaming.MipBias:0]]
[2020.08.15-20.13.05:271][  0]LogConfig: Setting CVar [[r.Streaming.AmortizeCPUToGPUCopy:0]]
[2020.08.15-20.13.05:271][  0]LogConfig: Setting CVar [[r.Streaming.MaxNumTexturesToStreamPerFrame:0]]
[2020.08.15-20.13.05:273][  0]LogConfig: Setting CVar [[r.Streaming.Boost:1]]
[2020.08.15-20.13.05:273][  0]LogConfig: Setting CVar [[r.MaxAnisotropy:8]]
[2020.08.15-20.13.05:274][  0]LogConfig: Setting CVar [[r.Streaming.LimitPoolSizeToVRAM:0]]
[2020.08.15-20.13.05:274][  0]LogConfig: Setting CVar [[r.Streaming.PoolSize:1000]]
[2020.08.15-20.13.05:274][  0]LogConfig: Setting CVar [[r.Streaming.MaxEffectiveScreenSize:0]]
[2020.08.15-20.13.05:274][  0]LogConfig: Applying CVar settings from Section [EffectsQuality@3] File [D:/simterac-ue4 task/simteract---ue4-task/Sumteract_UE4/Saved/Config/Windows/Scalability.ini]
[2020.08.15-20.13.05:274][  0]LogConfig: Setting CVar [[r.TranslucencyLightingVolumeDim:64]]
[2020.08.15-20.13.05:274][  0]LogConfig: Setting CVar [[r.RefractionQuality:2]]
[2020.08.15-20.13.05:274][  0]LogConfig: Setting CVar [[r.SSR.Quality:3]]
[2020.08.15-20.13.05:275][  0]LogConfig: Setting CVar [[r.SceneColorFormat:4]]
[2020.08.15-20.13.05:276][  0]LogConfig: Setting CVar [[r.DetailMode:2]]
[2020.08.15-20.13.05:276][  0]LogConfig: Setting CVar [[r.TranslucencyVolumeBlur:1]]
[2020.08.15-20.13.05:276][  0]LogConfig: Setting CVar [[r.MaterialQualityLevel:1 ; High quality]]
[2020.08.15-20.13.05:276][  0]LogConfig: Setting CVar [[r.SSS.Scale:1]]
[2020.08.15-20.13.05:277][  0]LogConfig: Setting CVar [[r.SSS.SampleSet:2]]
[2020.08.15-20.13.05:277][  0]LogConfig: Setting CVar [[r.SSS.Quality:1]]
[2020.08.15-20.13.05:277][  0]LogConfig: Setting CVar [[r.SSS.HalfRes:1]]
[2020.08.15-20.13.05:277][  0]LogConfig: Setting CVar [[r.EmitterSpawnRateScale:1.0]]
[2020.08.15-20.13.05:277][  0]LogConfig: Setting CVar [[r.ParticleLightQuality:2]]
[2020.08.15-20.13.05:277][  0]LogConfig: Applying CVar settings from Section [FoliageQuality@3] File [D:/simterac-ue4 task/simteract---ue4-task/Sumteract_UE4/Saved/Config/Windows/Scalability.ini]
[2020.08.15-20.13.05:278][  0]LogConfig: Setting CVar [[foliage.DensityScale:1.0]]
[2020.08.15-20.13.05:278][  0]LogConfig: Setting CVar [[grass.DensityScale:1.0]]
[2020.08.15-20.13.05:278][  0]LogConfig: Applying CVar settings from Section [Startup] File [../../../Engine/Config/ConsoleVariables.ini]
[2020.08.15-20.13.05:278][  0]LogConfig: Setting CVar [[net.UseAdaptiveNetUpdateFrequency:0]]
[2020.08.15-20.13.05:278][  0]LogConfig: Setting CVar [[p.chaos.AllowCreatePhysxBodies:1]]
[2020.08.15-20.13.05:278][  0]LogConfig: Applying CVar settings from Section [ConsoleVariables] File [D:/simterac-ue4 task/simteract---ue4-task/Sumteract_UE4/Saved/Config/Windows/Engine.ini]
[2020.08.15-20.13.05:279][  0]LogInit: Computer: DESKTOP-HGEI2AA
[2020.08.15-20.13.05:279][  0]LogInit: User: bru
[2020.08.15-20.13.05:279][  0]LogInit: CPU Page size=4096, Cores=4
[2020.08.15-20.13.05:279][  0]LogInit: High frequency timer resolution =10.000000 MHz
[2020.08.15-20.13.05:280][  0]LogMemory: Memory total: Physical=7.9GB (8GB approx)
[2020.08.15-20.13.05:280][  0]LogMemory: Platform Memory Stats for Windows
[2020.08.15-20.13.05:280][  0]LogMemory: Process Physical Memory: 103.73 MB used, 103.73 MB peak
[2020.08.15-20.13.05:280][  0]LogMemory: Process Virtual Memory: 99.95 MB used, 99.95 MB peak
[2020.08.15-20.13.05:280][  0]LogMemory: Physical Memory: 6324.56 MB used,  1742.60 MB free, 8067.16 MB total
[2020.08.15-20.13.05:280][  0]LogMemory: Virtual Memory: 4656.10 MB used,  134213072.00 MB free, 134217728.00 MB total
[2020.08.15-20.13.05:292][  0]LogWindows: WindowsPlatformFeatures enabled
[2020.08.15-20.13.05:500][  0]LogInit: Using OS detected language (pl-PL).
[2020.08.15-20.13.05:501][  0]LogInit: Using OS detected locale (pl-PL).
[2020.08.15-20.13.05:504][  0]LogTextLocalizationManager: No specific localization for 'pl-PL' exists, so the 'pl' localization will be used.
[2020.08.15-20.13.05:505][  0]LogTextLocalizationResource: LocRes '../../../Engine/Content/Localization/Editor/pl/Editor.locres' could not be opened for reading!
[2020.08.15-20.13.05:506][  0]LogTextLocalizationResource: LocRes '../../../Engine/Content/Localization/EditorTutorials/pl/EditorTutorials.locres' could not be opened for reading!
[2020.08.15-20.13.05:506][  0]LogTextLocalizationResource: LocRes '../../../Engine/Content/Localization/Keywords/pl/Keywords.locres' could not be opened for reading!
[2020.08.15-20.13.05:506][  0]LogTextLocalizationResource: LocRes '../../../Engine/Content/Localization/Category/pl/Category.locres' could not be opened for reading!
[2020.08.15-20.13.05:507][  0]LogTextLocalizationResource: LocRes '../../../Engine/Content/Localization/ToolTips/pl/ToolTips.locres' could not be opened for reading!
[2020.08.15-20.13.05:507][  0]LogTextLocalizationResource: LocRes '../../../Engine/Content/Localization/PropertyNames/pl/PropertyNames.locres' could not be opened for reading!
[2020.08.15-20.13.05:507][  0]LogTextLocalizationResource: LocRes '../../../Engine/Content/Localization/Engine/pl/Engine.locres' could not be opened for reading!
[2020.08.15-20.13.05:513][  0]LogInit: Setting process to per monitor DPI aware
[2020.08.15-20.13.05:575][  0]LogSlate: New Slate User Created.  User Index 0, Is Virtual User: 0
[2020.08.15-20.13.05:576][  0]LogSlate: Slate User Registered.  User Index 0, Is Virtual User: 0
[2020.08.15-20.13.05:922][  0]LogHMD: Failed to initialize OpenVR with code 110
[2020.08.15-20.13.05:922][  0]LogD3D11RHI: D3D11 adapters:
[2020.08.15-20.13.05:968][  0]LogD3D11RHI:    0. 'Intel(R) HD Graphics 630' (Feature Level 11_0)
[2020.08.15-20.13.05:968][  0]LogD3D11RHI:       128/0/4033 MB DedicatedVideo/DedicatedSystem/SharedSystem, Outputs:1, VendorId:0x8086
[2020.08.15-20.13.06:044][  0]LogD3D11RHI:    1. 'AMD Radeon(TM) RX 560' (Feature Level 11_0)
[2020.08.15-20.13.06:044][  0]LogD3D11RHI:       4044/0/4033 MB DedicatedVideo/DedicatedSystem/SharedSystem, Outputs:0, VendorId:0x1002
[2020.08.15-20.13.06:067][  0]LogD3D11RHI:    2. 'Microsoft Basic Render Driver' (Feature Level 11_0)
[2020.08.15-20.13.06:067][  0]LogD3D11RHI:       0/0/4033 MB DedicatedVideo/DedicatedSystem/SharedSystem, Outputs:0, VendorId:0x1414
[2020.08.15-20.13.06:067][  0]LogD3D11RHI: Chosen D3D11 Adapter: 1
[2020.08.15-20.13.06:077][  0]LogD3D11RHI: Creating new Direct3DDevice
[2020.08.15-20.13.06:078][  0]LogD3D11RHI:     GPU DeviceId: 0x67ef (for the marketing name, search the web for "GPU Device Id")
[2020.08.15-20.13.06:078][  0]LogWindows: EnumDisplayDevices:
[2020.08.15-20.13.06:078][  0]LogWindows:    0. 'Intel(R) HD Graphics 630' (P:1 D:1)
[2020.08.15-20.13.06:079][  0]LogWindows:    1. 'Intel(R) HD Graphics 630' (P:0 D:0)
[2020.08.15-20.13.06:079][  0]LogWindows:    2. 'Intel(R) HD Graphics 630' (P:0 D:0)
[2020.08.15-20.13.06:080][  0]LogWindows: DebugString: PrimaryIsNotTheChoosenAdapter PrimaryIsNotTheChoosenAdapter PrimaryIsNotTheChoosenAdapter FoundDriverCount:0 
[2020.08.15-20.13.06:080][  0]LogD3D11RHI:     Adapter Name: AMD Radeon(TM) RX 560
[2020.08.15-20.13.06:080][  0]LogD3D11RHI:   Driver Version: Unknown (internal:Unknown, unified:Unknown)
[2020.08.15-20.13.06:081][  0]LogD3D11RHI:      Driver Date: Unknown
[2020.08.15-20.13.06:081][  0]LogRHI: Texture pool is 2831 MB (70% of 4044 MB)
[2020.08.15-20.13.06:180][  0]LogD3D11RHI: Async texture creation enabled
[2020.08.15-20.13.06:195][  0]LogD3D11RHI: GPU Timing Frequency: 25.000000 (Debug: 2 1)
[2020.08.15-20.13.06:602][  0]LogTemp: Display: Module 'AllDesktopTargetPlatform' loaded TargetPlatform 'AllDesktop'
[2020.08.15-20.13.06:616][  0]LogTemp: Display: Module 'MacClientTargetPlatform' loaded TargetPlatform 'MacClient'
[2020.08.15-20.13.06:631][  0]LogTemp: Display: Module 'MacNoEditorTargetPlatform' loaded TargetPlatform 'MacNoEditor'
[2020.08.15-20.13.06:647][  0]LogTemp: Display: Module 'MacServerTargetPlatform' loaded TargetPlatform 'MacServer'
[2020.08.15-20.13.06:662][  0]LogTemp: Display: Module 'MacTargetPlatform' loaded TargetPlatform 'Mac'
[2020.08.15-20.13.06:676][  0]LogTemp: Display: Module 'WindowsClientTargetPlatform' loaded TargetPlatform 'WindowsClient'
[2020.08.15-20.13.06:689][  0]LogTemp: Display: Module 'WindowsNoEditorTargetPlatform' loaded TargetPlatform 'WindowsNoEditor'
[2020.08.15-20.13.06:703][  0]LogTemp: Display: Module 'WindowsServerTargetPlatform' loaded TargetPlatform 'WindowsServer'
[2020.08.15-20.13.06:713][  0]LogTemp: Display: Module 'WindowsTargetPlatform' loaded TargetPlatform 'Windows'
[2020.08.15-20.13.06:758][  0]LogTemp: Display: Module 'AndroidTargetPlatform' loaded TargetPlatform 'Android'
[2020.08.15-20.13.06:758][  0]LogTemp: Display: Module 'AndroidTargetPlatform' loaded TargetPlatform 'Android_ASTC'
[2020.08.15-20.13.06:758][  0]LogTemp: Display: Module 'AndroidTargetPlatform' loaded TargetPlatform 'Android_ATC'
[2020.08.15-20.13.06:758][  0]LogTemp: Display: Module 'AndroidTargetPlatform' loaded TargetPlatform 'Android_DXT'
[2020.08.15-20.13.06:758][  0]LogTemp: Display: Module 'AndroidTargetPlatform' loaded TargetPlatform 'Android_ETC1'
[2020.08.15-20.13.06:758][  0]LogTemp: Display: Module 'AndroidTargetPlatform' loaded TargetPlatform 'Android_ETC1a'
[2020.08.15-20.13.06:758][  0]LogTemp: Display: Module 'AndroidTargetPlatform' loaded TargetPlatform 'Android_ETC2'
[2020.08.15-20.13.06:758][  0]LogTemp: Display: Module 'AndroidTargetPlatform' loaded TargetPlatform 'Android_PVRTC'
[2020.08.15-20.13.06:758][  0]LogTemp: Display: Module 'AndroidTargetPlatform' loaded TargetPlatform 'AndroidClient'
[2020.08.15-20.13.06:758][  0]LogTemp: Display: Module 'AndroidTargetPlatform' loaded TargetPlatform 'Android_ASTCClient'
[2020.08.15-20.13.06:758][  0]LogTemp: Display: Module 'AndroidTargetPlatform' loaded TargetPlatform 'Android_ATCClient'
[2020.08.15-20.13.06:758][  0]LogTemp: Display: Module 'AndroidTargetPlatform' loaded TargetPlatform 'Android_DXTClient'
[2020.08.15-20.13.06:758][  0]LogTemp: Display: Module 'AndroidTargetPlatform' loaded TargetPlatform 'Android_ETC1Client'
[2020.08.15-20.13.06:758][  0]LogTemp: Display: Module 'AndroidTargetPlatform' loaded TargetPlatform 'Android_ETC1aClient'
[2020.08.15-20.13.06:758][  0]LogTemp: Display: Module 'AndroidTargetPlatform' loaded TargetPlatform 'Android_ETC2Client'
[2020.08.15-20.13.06:758][  0]LogTemp: Display: Module 'AndroidTargetPlatform' loaded TargetPlatform 'Android_PVRTCClient'
[2020.08.15-20.13.06:759][  0]LogTemp: Display: Module 'AndroidTargetPlatform' loaded TargetPlatform 'Android_Multi'
[2020.08.15-20.13.06:759][  0]LogTemp: Display: Module 'AndroidTargetPlatform' loaded TargetPlatform 'Android_MultiClient'
[2020.08.15-20.13.06:765][  0]LogTemp: Display: Module 'HTML5TargetPlatform' loaded TargetPlatform 'HTML5'
[2020.08.15-20.13.06:810][  0]LogTemp: Display: Module 'IOSTargetPlatform' loaded TargetPlatform 'IOSClient'
[2020.08.15-20.13.06:810][  0]LogTemp: Display: Module 'IOSTargetPlatform' loaded TargetPlatform 'IOS'
[2020.08.15-20.13.06:830][  0]LogTemp: Display: Module 'TVOSTargetPlatform' loaded TargetPlatform 'TVOSClient'
[2020.08.15-20.13.06:830][  0]LogTemp: Display: Module 'TVOSTargetPlatform' loaded TargetPlatform 'TVOS'
[2020.08.15-20.13.06:847][  0]LogTemp: Display: Module 'LinuxClientTargetPlatform' loaded TargetPlatform 'LinuxClient'
[2020.08.15-20.13.06:859][  0]LogTemp: Display: Module 'LinuxNoEditorTargetPlatform' loaded TargetPlatform 'LinuxNoEditor'
[2020.08.15-20.13.06:873][  0]LogTemp: Display: Module 'LinuxServerTargetPlatform' loaded TargetPlatform 'LinuxServer'
[2020.08.15-20.13.06:894][  0]LogTemp: Display: Module 'LinuxTargetPlatform' loaded TargetPlatform 'Linux'
[2020.08.15-20.13.06:929][  0]LogTemp: Display: Module 'LuminTargetPlatform' loaded TargetPlatform 'Lumin'
[2020.08.15-20.13.06:929][  0]LogTemp: Display: Module 'LuminTargetPlatform' loaded TargetPlatform 'LuminClient'
[2020.08.15-20.13.06:929][  0]LogTargetPlatformManager: Display: Building Assets For Windows
[2020.08.15-20.13.06:955][  0]LogAudioDebug: Display: Lib vorbis DLL was dynamically loaded.
[2020.08.15-20.13.07:158][  0]LogShaderCompilers: Guid format shader working directory is -21 characters bigger than the processId version (../../../../simterac-ue4 task/simteract---ue4-task/Sumteract_UE4/Intermediate/Shaders/WorkingDirectory/16276/).
[2020.08.15-20.13.07:158][  0]LogShaderCompilers: Cleaned the shader compiler working directory 'C:/Users/bru/AppData/Local/Temp/UnrealShaderWorkingDir/1A65C7C441F4B99EFCF3E6B604FFBCC9/'.
[2020.08.15-20.13.07:163][  0]LogXGEController: Cannot use XGE Controller as Incredibuild is not installed on this machine.
[2020.08.15-20.13.07:164][  0]LogShaderCompilers: Cannot use XGE Shader Compiler as Incredibuild is not installed on this machine.
[2020.08.15-20.13.07:164][  0]LogShaderCompilers: Display: Using Local Shader Compiler.
[2020.08.15-20.13.08:027][  0]LogDerivedDataCache: Display: Max Cache Size: 512 MB
[2020.08.15-20.13.08:256][  0]LogDerivedDataCache: Loaded boot cache 0.23s 75MB C:/Users/bru/AppData/Local/UnrealEngine/4.23/DerivedDataCache/Boot.ddc.
[2020.08.15-20.13.08:257][  0]LogDerivedDataCache: Display: Loaded Boot cache: C:/Users/bru/AppData/Local/UnrealEngine/4.23/DerivedDataCache/Boot.ddc
[2020.08.15-20.13.08:258][  0]LogDerivedDataCache: FDerivedDataBackendGraph:  Pak pak cache file ../../../../simterac-ue4 task/simteract---ue4-task/Sumteract_UE4/DerivedDataCache/DDC.ddp not found, will not use a pak cache.
[2020.08.15-20.13.08:258][  0]LogDerivedDataCache: Unable to find inner node Pak for hierarchical cache Hierarchy.
[2020.08.15-20.13.08:258][  0]LogDerivedDataCache: FDerivedDataBackendGraph:  CompressedPak pak cache file ../../../../simterac-ue4 task/simteract---ue4-task/Sumteract_UE4/DerivedDataCache/Compressed.ddp not found, will not use a pak cache.
[2020.08.15-20.13.08:258][  0]LogDerivedDataCache: Unable to find inner node CompressedPak for hierarchical cache Hierarchy.
[2020.08.15-20.13.08:274][  0]LogDerivedDataCache: Display: Pak cache opened for reading ../../../Engine/DerivedDataCache/Compressed.ddp.
[2020.08.15-20.13.08:274][  0]LogDerivedDataCache: FDerivedDataBackendGraph:  EnterprisePak pak cache file ../../../Enterprise/DerivedDataCache/Compressed.ddp not found, will not use a pak cache.
[2020.08.15-20.13.08:274][  0]LogDerivedDataCache: Unable to find inner node EnterprisePak for hierarchical cache Hierarchy.
[2020.08.15-20.13.08:277][  0]LogDerivedDataCache: Using Local data cache path C:/Users/bru/AppData/Local/UnrealEngine/Common/DerivedDataCache: Writable
[2020.08.15-20.13.08:277][  0]LogDerivedDataCache: Shared data cache path not found in *engine.ini, will not use an Shared cache.
[2020.08.15-20.13.08:277][  0]LogDerivedDataCache: Unable to find inner node Shared for hierarchical cache Hierarchy.
[2020.08.15-20.13.08:304][  0]LogMaterial: Verifying Global Shaders for PCD3D_SM5
[2020.08.15-20.13.08:310][  0]LogSlate: Using FreeType 2.6.0
[2020.08.15-20.13.08:313][  0]LogSlate: SlateFontServices - WITH_FREETYPE: 1, WITH_HARFBUZZ: 1
[2020.08.15-20.13.08:450][  0]LogAssetRegistry: FAssetRegistry took 0.0077 seconds to start up
[2020.08.15-20.13.08:901][  0]LogInit: Selected Device Profile: [Windows]
[2020.08.15-20.13.09:164][  0]LogMeshReduction: Using QuadricMeshReduction for automatic static mesh reduction
[2020.08.15-20.13.09:165][  0]LogMeshReduction: Using SimplygonMeshReduction for automatic skeletal mesh reduction
[2020.08.15-20.13.09:165][  0]LogMeshReduction: Using ProxyLODMeshReduction for automatic mesh merging
[2020.08.15-20.13.09:165][  0]LogMeshReduction: No distributed automatic mesh merging module available
[2020.08.15-20.13.09:166][  0]LogMeshMerging: No distributed automatic mesh merging module available
[2020.08.15-20.13.09:216][  0]LogNetVersion: Sumteract_UE4 1.0.0, NetCL: 8386587, EngineNetVer: 11, GameNetVer: 0 (Checksum: 2866633504)
[2020.08.15-20.13.09:876][  0]LogPackageLocalizationCache: Processed 12 localized package path(s) for 1 prioritized culture(s) in 0.042969 seconds
[2020.08.15-20.13.09:884][  0]LogUObjectArray: 43444 objects as part of root set at end of initial load.
[2020.08.15-20.13.09:884][  0]LogUObjectAllocator: 7548648 out of 0 bytes used by permanent object pool.
[2020.08.15-20.13.09:884][  0]LogUObjectArray: CloseDisregardForGC: 0/0 objects in disregard for GC pool
[2020.08.15-20.13.12:110][  0]LogTcpMessaging: Initializing TcpMessaging bridge
[2020.08.15-20.13.12:122][  0]LogUdpMessaging: Initializing bridge on interface 0.0.0.0:0 to multicast group 230.0.0.1:6666.
[2020.08.15-20.13.12:336][  0]SourceControl: Source control is disabled
[2020.08.15-20.13.12:337][  0]SourceControl: Source control is disabled
[2020.08.15-20.13.12:350][  0]SourceControl: Source control is disabled
[2020.08.15-20.13.12:355][  0]SourceControl: Source control is disabled
[2020.08.15-20.13.12:628][  0]LogAndroidPermission: UAndroidPermissionCallbackProxy::GetInstance
[2020.08.15-20.13.12:975][  0]LogOcInput: OculusInput pre-init called
[2020.08.15-20.13.12:992][  0]LogWindows: Failed to load 'OVRPlugin.dll' (GetLastError=126)
[2020.08.15-20.13.12:993][  0]LogWindows: File 'OVRPlugin.dll' does not exist
[2020.08.15-20.13.13:176][  0]LogEngine: Initializing Engine...
[2020.08.15-20.13.13:179][  0]LogHMD: Failed to initialize OpenVR with code 110
[2020.08.15-20.13.13:183][  0]LogStats: UGameplayTagsManager::InitializeManager -  0.002 s
[2020.08.15-20.13.13:484][  0]LogInit: Initializing FReadOnlyCVARCache
[2020.08.15-20.13.13:526][  0]LogAIModule: Creating AISystem for world Untitled
[2020.08.15-20.13.13:576][  0]LogInit: XAudio2 using 'Głośniki (Realtek High Definition Audio)' : 2 channels at 48 kHz using 32 bits per sample (channel mask 0x3)
[2020.08.15-20.13.13:622][  0]LogInit: FAudioDevice initialized.
[2020.08.15-20.13.13:622][  0]LogNetVersion: Set ProjectVersion to 1.0.0.0. Version Checksum will be recalculated on next use.
[2020.08.15-20.13.13:734][  0]LogDerivedDataCache: Saved boot cache 0.11s 75MB C:/Users/bru/AppData/Local/UnrealEngine/4.23/DerivedDataCache/Boot.ddc.
[2020.08.15-20.13.13:737][  0]LogInit: Texture streaming: Enabled
[2020.08.15-20.13.13:861][  0]LogEngineSessionManager: EngineSessionManager initialized
[2020.08.15-20.13.13:911][  0]LogInit: Transaction tracking system initialized
[2020.08.15-20.13.13:987][  0]BlueprintLog: New page: Editor Load
[2020.08.15-20.13.14:157][  0]LocalizationService: Localization service is disabled
[2020.08.15-20.13.14:539][  0]LogFileCache: Scanning file cache for directory 'D:/simterac-ue4 task/simteract---ue4-task/Sumteract_UE4/Content/' took 0.01s
[2020.08.15-20.13.14:540][  0]LogCook: Display: Max memory allowance for cook 16384mb min free memory 0mb
[2020.08.15-20.13.14:540][  0]LogCook: Display: Mobile HDR setting 1
[2020.08.15-20.13.14:945][  0]SourceControl: Source control is disabled
[2020.08.15-20.13.15:050][  0]LogSlate: Took 0.000871 seconds to synchronously load lazily loaded font '../../../Engine/Content/Slate/Fonts/Roboto-Regular.ttf' (155K)
[2020.08.15-20.13.36:960][  0]LogSlate: Window 'Restore Packages' being destroyed
[2020.08.15-20.13.36:961][  0]LogWindowsTextInputMethodSystem: Display: IME system now deactivated.
[2020.08.15-20.13.36:988][  0]Cmd: MAP LOAD FILE="../../../../simterac-ue4 task/simteract---ue4-task/Sumteract_UE4/Content/levels/Traffic.umap" TEMPLATE=0 SHOWPROGRESS=1 FEATURELEVEL=3
[2020.08.15-20.13.36:989][  0]LightingResults: New page: Lighting Build
[2020.08.15-20.13.37:012][  0]LogWorld: UWorld::CleanupWorld for Untitled, bSessionEnded=true, bCleanupResources=true
[2020.08.15-20.13.37:013][  0]MapCheck: New page: Map Check
[2020.08.15-20.13.37:019][  0]LightingResults: New page: Lighting Build
[2020.08.15-20.13.37:139][  0]LogUObjectHash: Compacting FUObjectHashTables data took   1.94ms
[2020.08.15-20.13.37:313][  0]LogAIModule: Creating AISystem for world Traffic
[2020.08.15-20.13.37:320][  0]LogEditorServer: Finished looking for orphan Actors (0.000 secs)
[2020.08.15-20.13.37:356][  0]LogUObjectHash: Compacting FUObjectHashTables data took   2.38ms
[2020.08.15-20.13.37:368][  0]Cmd: MAP CHECKDEP NOCLEARLOG
[2020.08.15-20.13.37:368][  0]MapCheck: Map check complete: 0 Error(s), 0 Warning(s), took 0,13ms to complete.
[2020.08.15-20.13.37:369][  0]LogFileHelpers: Loading map 'Traffic' took 0.382
[2020.08.15-20.13.37:404][  0]LogWindowsTextInputMethodSystem: Display: IME system now deactivated.
[2020.08.15-20.13.37:466][  0]LogSlate: Updating window title bar state: overlay mode, drag disabled, window buttons hidden, title bar hidden
[2020.08.15-20.13.37:475][  0]LogSlate: Updating window title bar state: overlay mode, drag disabled, window buttons hidden, title bar hidden
[2020.08.15-20.13.37:488][  0]LogSlate: Updating window title bar state: overlay mode, drag disabled, window buttons hidden, title bar hidden
[2020.08.15-20.13.37:504][  0]LogSlate: Updating window title bar state: overlay mode, drag disabled, window buttons hidden, title bar hidden
[2020.08.15-20.13.37:527][  0]LogCollectionManager: Loaded 0 collections in 0.001156 seconds
[2020.08.15-20.13.37:540][  0]LogFileCache: Scanning file cache for directory 'D:/simterac-ue4 task/simteract---ue4-task/Sumteract_UE4/Saved/Collections/' took 0.00s
[2020.08.15-20.13.37:540][  0]LogFileCache: Scanning file cache for directory 'D:/simterac-ue4 task/simteract---ue4-task/Sumteract_UE4/Content/Developers/bru/Collections/' took 0.00s
[2020.08.15-20.13.37:540][  0]LogFileCache: Scanning file cache for directory 'D:/simterac-ue4 task/simteract---ue4-task/Sumteract_UE4/Content/Collections/' took 0.00s
[2020.08.15-20.13.37:540][  0]LogCollectionManager: Rebuilt the GUID cache for 0 collections in 0.000002 seconds
[2020.08.15-20.13.37:553][  0]LogContentBrowser: Native class hierarchy populated in 0.0120 seconds. Added 2865 classes and 682 folders.
[2020.08.15-20.13.37:568][  0]LogContentBrowser: Native class hierarchy updated for 'WidgetCarousel' in 0.0003 seconds. Added 0 classes and 0 folders.
[2020.08.15-20.13.37:704][  0]LogContentBrowser: Native class hierarchy updated for 'AddContentDialog' in 0.0003 seconds. Added 0 classes and 0 folders.
[2020.08.15-20.13.37:715][  0]LogContentBrowser: Native class hierarchy updated for 'SceneOutliner' in 0.0004 seconds. Added 1 classes and 2 folders.
[2020.08.15-20.13.37:800][  0]LogSlate: Took 0.001006 seconds to synchronously load lazily loaded font '../../../Engine/Content/Slate/Fonts/Roboto-Bold.ttf' (160K)
[2020.08.15-20.13.37:809][  0]LogSlate: Took 0.000702 seconds to synchronously load lazily loaded font '../../../Engine/Content/Editor/Slate/Fonts/FontAwesome.ttf' (139K)
[2020.08.15-20.13.37:859][  0]LogRenderer: Reallocating scene render targets to support 1200x512 Format 10 NumSamples 1 (Frame:1).
[2020.08.15-20.13.38:124][  0]LogContentBrowser: Native class hierarchy updated for 'HierarchicalLODOutliner' in 0.0003 seconds. Added 0 classes and 0 folders.
[2020.08.15-20.13.38:124][  0]LogLoad: (Engine Initialization) Total time: 35.10 seconds
[2020.08.15-20.13.38:125][  0]LogLoad: (Engine Initialization) Total Blueprint compile time: 0.00 seconds
[2020.08.15-20.13.38:197][  0]LogContentStreaming: Texture pool size now 1000 MB
[2020.08.15-20.13.38:235][  0]LogSlate: Took 0.000829 seconds to synchronously load lazily loaded font '../../../Engine/Content/Slate/Fonts/Roboto-Light.ttf' (167K)
[2020.08.15-20.13.38:296][  2]LogD3D11RHI: Error: agsDriverExtensionsDX11_SetDepthBounds(1,0.000000, 1.000000) returned error code 6. **********PLEASE UPDATE YOUR VIDEO DRIVERS*********
[2020.08.15-20.13.38:314][  2]LogAssetRegistry: Asset discovery search completed in 29.8686 seconds
[2020.08.15-20.13.38:324][  2]LogCollectionManager: Rebuilt the object cache for 0 collections in 0.000005 seconds (found 0 objects)
[2020.08.15-20.13.38:325][  2]LogCollectionManager: Fixed up redirectors for 0 collections in 0.000882 seconds (updated 0 objects)
[2020.08.15-20.13.49:881][245]LogSlate: FSceneViewport::OnFocusLost() reason 0
[2020.08.15-20.13.49:963][250]LogTemp: Repeating last play command: Selected Viewport
[2020.08.15-20.13.49:972][250]LogBlueprintUserMessages: Early PlayInEditor Detection: Level '/Game/levels/Traffic.Traffic:PersistentLevel' has LevelScriptBlueprint '/Game/levels/Traffic.Traffic:PersistentLevel.Traffic' with GeneratedClass '/Game/levels/Traffic.Traffic_C' with ClassGeneratedBy '/Game/levels/Traffic.Traffic:PersistentLevel.Traffic'
[2020.08.15-20.13.49:972][250]LogPlayLevel: PlayLevel: No blueprints needed recompiling
[2020.08.15-20.13.49:975][250]PIE: New page: PIE session: Traffic (16 sie 2020, 00:13:49)
[2020.08.15-20.13.49:977][250]LogOnline: OSS: Creating online subsystem instance for: NULL
[2020.08.15-20.13.49:980][250]LogPlayLevel: Creating play world package: /Game/levels/UEDPIE_0_Traffic
[2020.08.15-20.13.49:983][250]LogPlayLevel: PIE: StaticDuplicateObject took: (0.003071s)
[2020.08.15-20.13.49:984][250]LogAIModule: Creating AISystem for world Traffic
[2020.08.15-20.13.49:985][250]LogPlayLevel: PIE: World Init took: (0.001568s)
[2020.08.15-20.13.49:985][250]LogPlayLevel: PIE: Created PIE world by copying editor world from /Game/levels/Traffic.Traffic to /Game/levels/UEDPIE_0_Traffic.Traffic (0.005178s)
[2020.08.15-20.13.50:010][250]LogUObjectHash: Compacting FUObjectHashTables data took   1.57ms
[2020.08.15-20.13.50:023][250]LogInit: XAudio2 using 'Głośniki (Realtek High Definition Audio)' : 2 channels at 48 kHz using 32 bits per sample (channel mask 0x3)
[2020.08.15-20.13.50:052][250]LogInit: FAudioDevice initialized.
[2020.08.15-20.13.50:065][250]LogLoad: Game class is 'Sumteract_UE4GameModeBase'
[2020.08.15-20.13.50:066][250]LogWorld: Bringing World /Game/levels/UEDPIE_0_Traffic.Traffic up for play (max tick rate 60) at 2020.08.15-22.13.50
[2020.08.15-20.13.50:067][250]LogWorld: Bringing up level for play took: 0.000906
[2020.08.15-20.13.50:067][250]LogOnline: OSS: Creating online subsystem instance for: :Context_2
[2020.08.15-20.13.50:080][250]LogContentBrowser: Native class hierarchy updated for 'MovieSceneCapture' in 0.0004 seconds. Added 20 classes and 0 folders.
[2020.08.15-20.13.55:275][250]LogPhysics: Warning: Initialising Body : Scale3D is (nearly) zero: Component: '/Game/levels/UEDPIE_0_Traffic.Traffic:PersistentLevel.Car_0.m_rootComponent' 
[2020.08.15-20.13.55:276][250]LogPhysics: Warning: Initialising Body : Scale3D is (nearly) zero: Component: '/Game/levels/UEDPIE_0_Traffic.Traffic:PersistentLevel.Car_0.CarBody' 
[2020.08.15-20.13.55:276][250]PIE: Play in editor start time for /Game/levels/UEDPIE_0_Traffic 4,312
[2020.08.15-20.13.55:276][250]LogBlueprintUserMessages: Late PlayInEditor Detection: Level '/Game/levels/Traffic.Traffic:PersistentLevel' has LevelScriptBlueprint '/Game/levels/Traffic.Traffic:PersistentLevel.Traffic' with GeneratedClass '/Game/levels/Traffic.Traffic_C' with ClassGeneratedBy '/Game/levels/Traffic.Traffic:PersistentLevel.Traffic'
[2020.08.15-20.14.06:410][844]LogBlueprintUserMessages: Early EndPlayMap Detection: Level '/Game/levels/Traffic.Traffic:PersistentLevel' has LevelScriptBlueprint '/Game/levels/Traffic.Traffic:PersistentLevel.Traffic' with GeneratedClass '/Game/levels/Traffic.Traffic_C' with ClassGeneratedBy '/Game/levels/Traffic.Traffic:PersistentLevel.Traffic'
[2020.08.15-20.14.06:414][844]LogSlate: Updating window title bar state: overlay mode, drag disabled, window buttons hidden, title bar hidden
[2020.08.15-20.14.06:414][844]LogWorld: BeginTearingDown for /Game/levels/UEDPIE_0_Traffic
[2020.08.15-20.14.06:415][844]LogWorld: UWorld::CleanupWorld for Traffic, bSessionEnded=true, bCleanupResources=true
[2020.08.15-20.14.06:437][844]LogPlayLevel: Display: Shutting down PIE online subsystems
[2020.08.15-20.14.06:437][844]LogBlueprintUserMessages: Late EndPlayMap Detection: Level '/Game/levels/Traffic.Traffic:PersistentLevel' has LevelScriptBlueprint '/Game/levels/Traffic.Traffic:PersistentLevel.Traffic' with GeneratedClass '/Game/levels/Traffic.Traffic_C' with ClassGeneratedBy '/Game/levels/Traffic.Traffic:PersistentLevel.Traffic'
[2020.08.15-20.14.06:468][844]LogSlate: Updating window title bar state: overlay mode, drag disabled, window buttons hidden, title bar hidden
[2020.08.15-20.14.06:471][844]LogUObjectHash: Compacting FUObjectHashTables data took   1.95ms
[2020.08.15-20.14.06:537][846]LogPlayLevel: Display: Destroying online subsystem :Context_2
[2020.08.15-20.14.09:500][  4]LogSlate: FSceneViewport::OnFocusLost() reason 0
[2020.08.15-20.14.09:587][  9]LogTemp: Repeating last play command: Selected Viewport
